[0.008s] Invoking command in '/home/karol/Desktop/Droniada/martian_mines_ros2/build/ros_gz_example_application': CMAKE_PREFIX_PATH=/opt/ros/humble /usr/bin/cmake /home/karol/Desktop/Droniada/martian_mines_ros2/ros_gz_project_template-main/ros_gz_example_application -DBUILD_TESTING=ON -DCMAKE_INSTALL_PREFIX=/home/karol/Desktop/Droniada/martian_mines_ros2/install/ros_gz_example_application
[0.052s] -- The C compiler identification is GNU 11.4.0
[0.099s] -- The CXX compiler identification is GNU 11.4.0
[0.107s] -- Detecting C compiler ABI info
[0.163s] -- Detecting C compiler ABI info - done
[0.169s] -- Check for working C compiler: /usr/bin/cc - skipped
[0.169s] -- Detecting C compile features
[0.170s] -- Detecting C compile features - done
[0.172s] -- Detecting CXX compiler ABI info
[0.239s] -- Detecting CXX compiler ABI info - done
[0.245s] -- Check for working CXX compiler: /usr/bin/c++ - skipped
[0.245s] -- Detecting CXX compile features
[0.246s] -- Detecting CXX compile features - done
[0.248s] -- Found ament_cmake: 1.3.11 (/opt/ros/humble/share/ament_cmake/cmake)
[0.363s] -- Found Python3: /usr/bin/python3 (found version "3.10.12") found components: Interpreter 
[0.494s] -- Configuring done
[0.499s] -- Generating done
[0.502s] -- Build files have been written to: /home/karol/Desktop/Droniada/martian_mines_ros2/build/ros_gz_example_application
[0.508s] Invoked command in '/home/karol/Desktop/Droniada/martian_mines_ros2/build/ros_gz_example_application' returned '0': CMAKE_PREFIX_PATH=/opt/ros/humble /usr/bin/cmake /home/karol/Desktop/Droniada/martian_mines_ros2/ros_gz_project_template-main/ros_gz_example_application -DBUILD_TESTING=ON -DCMAKE_INSTALL_PREFIX=/home/karol/Desktop/Droniada/martian_mines_ros2/install/ros_gz_example_application
[0.510s] Invoking command in '/home/karol/Desktop/Droniada/martian_mines_ros2/build/ros_gz_example_application': CMAKE_PREFIX_PATH=/opt/ros/humble /usr/bin/cmake --build /home/karol/Desktop/Droniada/martian_mines_ros2/build/ros_gz_example_application -- -j12 -l12
[0.544s] Invoked command in '/home/karol/Desktop/Droniada/martian_mines_ros2/build/ros_gz_example_application' returned '0': CMAKE_PREFIX_PATH=/opt/ros/humble /usr/bin/cmake --build /home/karol/Desktop/Droniada/martian_mines_ros2/build/ros_gz_example_application -- -j12 -l12
[0.552s] Invoking command in '/home/karol/Desktop/Droniada/martian_mines_ros2/build/ros_gz_example_application': CMAKE_PREFIX_PATH=/opt/ros/humble /usr/bin/cmake --install /home/karol/Desktop/Droniada/martian_mines_ros2/build/ros_gz_example_application
[0.559s] -- Install configuration: ""
[0.559s] -- Installing: /home/karol/Desktop/Droniada/martian_mines_ros2/install/ros_gz_example_application/share/ament_index/resource_index/package_run_dependencies/ros_gz_example_application
[0.560s] -- Installing: /home/karol/Desktop/Droniada/martian_mines_ros2/install/ros_gz_example_application/share/ament_index/resource_index/parent_prefix_path/ros_gz_example_application
[0.560s] -- Installing: /home/karol/Desktop/Droniada/martian_mines_ros2/install/ros_gz_example_application/share/ros_gz_example_application/environment/ament_prefix_path.sh
[0.560s] -- Installing: /home/karol/Desktop/Droniada/martian_mines_ros2/install/ros_gz_example_application/share/ros_gz_example_application/environment/ament_prefix_path.dsv
[0.560s] -- Installing: /home/karol/Desktop/Droniada/martian_mines_ros2/install/ros_gz_example_application/share/ros_gz_example_application/environment/path.sh
[0.560s] -- Installing: /home/karol/Desktop/Droniada/martian_mines_ros2/install/ros_gz_example_application/share/ros_gz_example_application/environment/path.dsv
[0.560s] -- Installing: /home/karol/Desktop/Droniada/martian_mines_ros2/install/ros_gz_example_application/share/ros_gz_example_application/local_setup.bash
[0.561s] -- Installing: /home/karol/Desktop/Droniada/martian_mines_ros2/install/ros_gz_example_application/share/ros_gz_example_application/local_setup.sh
[0.561s] -- Installing: /home/karol/Desktop/Droniada/martian_mines_ros2/install/ros_gz_example_application/share/ros_gz_example_application/local_setup.zsh
[0.561s] -- Installing: /home/karol/Desktop/Droniada/martian_mines_ros2/install/ros_gz_example_application/share/ros_gz_example_application/local_setup.dsv
[0.561s] -- Installing: /home/karol/Desktop/Droniada/martian_mines_ros2/install/ros_gz_example_application/share/ros_gz_example_application/package.dsv
[0.561s] -- Installing: /home/karol/Desktop/Droniada/martian_mines_ros2/install/ros_gz_example_application/share/ament_index/resource_index/packages/ros_gz_example_application
[0.561s] -- Installing: /home/karol/Desktop/Droniada/martian_mines_ros2/install/ros_gz_example_application/share/ros_gz_example_application/cmake/ros_gz_example_applicationConfig.cmake
[0.561s] -- Installing: /home/karol/Desktop/Droniada/martian_mines_ros2/install/ros_gz_example_application/share/ros_gz_example_application/cmake/ros_gz_example_applicationConfig-version.cmake
[0.562s] -- Installing: /home/karol/Desktop/Droniada/martian_mines_ros2/install/ros_gz_example_application/share/ros_gz_example_application/package.xml
[0.563s] Invoked command in '/home/karol/Desktop/Droniada/martian_mines_ros2/build/ros_gz_example_application' returned '0': CMAKE_PREFIX_PATH=/opt/ros/humble /usr/bin/cmake --install /home/karol/Desktop/Droniada/martian_mines_ros2/build/ros_gz_example_application
