[0.005s] Invoking command in '/home/karol/Desktop/Droniada/martian_mines_ros2/build/ros_gz_example_gazebo': AMENT_PREFIX_PATH=/home/karol/Desktop/Droniada/martian_mines_ros2/install/ros_gz_example_description:${AMENT_PREFIX_PATH} CMAKE_PREFIX_PATH=/home/karol/Desktop/Droniada/martian_mines_ros2/install/ros_gz_example_description:/opt/ros/humble GZ_SIM_RESOURCE_PATH=/home/karol/Desktop/Droniada/martian_mines_ros2/install/ros_gz_example_description/share/ros_gz_example_description/models /usr/bin/cmake /home/karol/Desktop/Droniada/martian_mines_ros2/ros_gz_project_template-main/ros_gz_example_gazebo -DBUILD_TESTING=ON -DCMAKE_INSTALL_PREFIX=/home/karol/Desktop/Droniada/martian_mines_ros2/install/ros_gz_example_gazebo
[0.051s] -- The C compiler identification is GNU 11.4.0
[0.096s] -- The CXX compiler identification is GNU 11.4.0
[0.102s] -- Detecting C compiler ABI info
[0.161s] -- Detecting C compiler ABI info - done
[0.173s] -- Check for working C compiler: /usr/bin/cc - skipped
[0.174s] -- Detecting C compile features
[0.174s] -- Detecting C compile features - done
[0.179s] -- Detecting CXX compiler ABI info
[0.250s] -- Detecting CXX compiler ABI info - done
[0.263s] -- Check for working CXX compiler: /usr/bin/c++ - skipped
[0.263s] -- Detecting CXX compile features
[0.264s] -- Detecting CXX compile features - done
[0.268s] -- Found ament_cmake: 1.3.11 (/opt/ros/humble/share/ament_cmake/cmake)
[0.398s] -- Found Python3: /usr/bin/python3 (found version "3.10.12") found components: Interpreter 
[0.485s] -- Found ros_gz_example_description: 0.0.0 (/home/karol/Desktop/Droniada/martian_mines_ros2/install/ros_gz_example_description/share/ros_gz_example_description/cmake)
[0.505s] -- Looking for gz-plugin2 -- found version 2.0.3
[0.506s] -- Searching for dependencies of gz-plugin2
[0.510s] -- Looking for gz-utils2 -- found version 2.2.0
[0.511s] -- Searching for dependencies of gz-utils2
[0.511s] -- Searching for <gz-utils2> component [cli]
[0.516s] -- Looking for gz-utils2-cli -- found version 2.2.0
[0.516s] -- Searching for dependencies of gz-utils2-cli
[0.517s] -- Searching for <gz-plugin2> component [register]
[0.522s] -- Looking for gz-plugin2-register -- found version 2.0.3
[0.522s] -- Searching for dependencies of gz-plugin2-register
[0.537s] [31mCMake Error at CMakeLists.txt:16 (find_package):
[0.538s]   By not providing "Findgz-common5.cmake" in CMAKE_MODULE_PATH this project
[0.538s]   has asked CMake to find a package configuration file provided by
[0.538s]   "gz-common5", but CMake did not find one.
[0.538s] 
[0.538s]   Could not find a package configuration file provided by "gz-common5" with
[0.538s]   any of the following names:
[0.538s] 
[0.538s]     gz-common5Config.cmake
[0.538s]     gz-common5-config.cmake
[0.538s] 
[0.538s]   Add the installation prefix of "gz-common5" to CMAKE_PREFIX_PATH or set
[0.538s]   "gz-common5_DIR" to a directory containing one of the above files.  If
[0.539s]   "gz-common5" provides a separate development package or SDK, be sure it has
[0.539s]   been installed.
[0.539s] 
[0.539s] [0m
[0.539s] -- Configuring incomplete, errors occurred!
[0.539s] See also "/home/karol/Desktop/Droniada/martian_mines_ros2/build/ros_gz_example_gazebo/CMakeFiles/CMakeOutput.log".
[0.542s] Invoked command in '/home/karol/Desktop/Droniada/martian_mines_ros2/build/ros_gz_example_gazebo' returned '1': AMENT_PREFIX_PATH=/home/karol/Desktop/Droniada/martian_mines_ros2/install/ros_gz_example_description:${AMENT_PREFIX_PATH} CMAKE_PREFIX_PATH=/home/karol/Desktop/Droniada/martian_mines_ros2/install/ros_gz_example_description:/opt/ros/humble GZ_SIM_RESOURCE_PATH=/home/karol/Desktop/Droniada/martian_mines_ros2/install/ros_gz_example_description/share/ros_gz_example_description/models /usr/bin/cmake /home/karol/Desktop/Droniada/martian_mines_ros2/ros_gz_project_template-main/ros_gz_example_gazebo -DBUILD_TESTING=ON -DCMAKE_INSTALL_PREFIX=/home/karol/Desktop/Droniada/martian_mines_ros2/install/ros_gz_example_gazebo
