[0.075s] DEBUG:colcon:Command line arguments: ['/usr/bin/colcon', 'build', '--cmake-args', '-DBUILD_TESTING=ON']
[0.075s] DEBUG:colcon:Parsed command line arguments: Namespace(log_base=None, log_level=None, verb_name='build', build_base='build', install_base='install', merge_install=False, symlink_install=False, test_result_base=None, continue_on_error=False, executor='parallel', parallel_workers=12, event_handlers=None, ignore_user_meta=False, metas=['./colcon.meta'], base_paths=['.'], packages_ignore=None, packages_ignore_regex=None, paths=None, packages_up_to=None, packages_up_to_regex=None, packages_above=None, packages_above_and_dependencies=None, packages_above_depth=None, packages_select_by_dep=None, packages_skip_by_dep=None, packages_skip_up_to=None, packages_select_build_failed=False, packages_skip_build_finished=False, packages_select_test_failures=False, packages_skip_test_passed=False, packages_select=None, packages_skip=None, packages_select_regex=None, packages_skip_regex=None, packages_start=None, packages_end=None, allow_overriding=[], cmake_args=['-DBUILD_TESTING=ON'], cmake_target=None, cmake_target_skip_unavailable=False, cmake_clean_cache=False, cmake_clean_first=False, cmake_force_configure=False, ament_cmake_args=None, catkin_cmake_args=None, catkin_skip_building_tests=False, verb_parser=<colcon_defaults.argument_parser.defaults.DefaultArgumentsDecorator object at 0x7eba55723c10>, verb_extension=<colcon_core.verb.build.BuildVerb object at 0x7eba55723670>, main=<bound method BuildVerb.main of <colcon_core.verb.build.BuildVerb object at 0x7eba55723670>>)
[0.201s] Level 1:colcon.colcon_core.package_discovery:discover_packages(colcon_meta) check parameters
[0.202s] Level 1:colcon.colcon_core.package_discovery:discover_packages(recursive) check parameters
[0.202s] Level 1:colcon.colcon_core.package_discovery:discover_packages(ignore) check parameters
[0.202s] Level 1:colcon.colcon_core.package_discovery:discover_packages(path) check parameters
[0.202s] Level 1:colcon.colcon_core.package_discovery:discover_packages(colcon_meta) discover
[0.202s] Level 1:colcon.colcon_core.package_discovery:discover_packages(recursive) discover
[0.202s] INFO:colcon.colcon_core.package_discovery:Crawling recursively for packages in '/home/karol/Desktop/Droniada/martian_mines_ros2'
[0.202s] Level 1:colcon.colcon_core.package_identification:_identify(.) by extensions ['ignore', 'ignore_ament_install']
[0.202s] Level 1:colcon.colcon_core.package_identification:_identify(.) by extension 'ignore'
[0.202s] Level 1:colcon.colcon_core.package_identification:_identify(.) by extension 'ignore_ament_install'
[0.202s] Level 1:colcon.colcon_core.package_identification:_identify(.) by extensions ['colcon_pkg']
[0.202s] Level 1:colcon.colcon_core.package_identification:_identify(.) by extension 'colcon_pkg'
[0.202s] Level 1:colcon.colcon_core.package_identification:_identify(.) by extensions ['colcon_meta']
[0.202s] Level 1:colcon.colcon_core.package_identification:_identify(.) by extension 'colcon_meta'
[0.202s] Level 1:colcon.colcon_core.package_identification:_identify(.) by extensions ['ros']
[0.202s] Level 1:colcon.colcon_core.package_identification:_identify(.) by extension 'ros'
[0.210s] Level 1:colcon.colcon_core.package_identification:_identify(.) by extensions ['cmake', 'python']
[0.210s] Level 1:colcon.colcon_core.package_identification:_identify(.) by extension 'cmake'
[0.210s] Level 1:colcon.colcon_core.package_identification:_identify(.) by extension 'python'
[0.210s] Level 1:colcon.colcon_core.package_identification:_identify(.) by extensions ['python_setup_py']
[0.210s] Level 1:colcon.colcon_core.package_identification:_identify(.) by extension 'python_setup_py'
[0.210s] Level 1:colcon.colcon_core.package_identification:_identify(build) by extensions ['ignore', 'ignore_ament_install']
[0.210s] Level 1:colcon.colcon_core.package_identification:_identify(build) by extension 'ignore'
[0.210s] Level 1:colcon.colcon_core.package_identification:_identify(build) ignored
[0.210s] Level 1:colcon.colcon_core.package_identification:_identify(install) by extensions ['ignore', 'ignore_ament_install']
[0.210s] Level 1:colcon.colcon_core.package_identification:_identify(install) by extension 'ignore'
[0.210s] Level 1:colcon.colcon_core.package_identification:_identify(install) ignored
[0.210s] Level 1:colcon.colcon_core.package_identification:_identify(log) by extensions ['ignore', 'ignore_ament_install']
[0.210s] Level 1:colcon.colcon_core.package_identification:_identify(log) by extension 'ignore'
[0.210s] Level 1:colcon.colcon_core.package_identification:_identify(log) ignored
[0.210s] Level 1:colcon.colcon_core.package_identification:_identify(ros_gz_project_template-main) by extensions ['ignore', 'ignore_ament_install']
[0.211s] Level 1:colcon.colcon_core.package_identification:_identify(ros_gz_project_template-main) by extension 'ignore'
[0.211s] Level 1:colcon.colcon_core.package_identification:_identify(ros_gz_project_template-main) by extension 'ignore_ament_install'
[0.211s] Level 1:colcon.colcon_core.package_identification:_identify(ros_gz_project_template-main) by extensions ['colcon_pkg']
[0.211s] Level 1:colcon.colcon_core.package_identification:_identify(ros_gz_project_template-main) by extension 'colcon_pkg'
[0.211s] Level 1:colcon.colcon_core.package_identification:_identify(ros_gz_project_template-main) by extensions ['colcon_meta']
[0.211s] Level 1:colcon.colcon_core.package_identification:_identify(ros_gz_project_template-main) by extension 'colcon_meta'
[0.211s] Level 1:colcon.colcon_core.package_identification:_identify(ros_gz_project_template-main) by extensions ['ros']
[0.211s] Level 1:colcon.colcon_core.package_identification:_identify(ros_gz_project_template-main) by extension 'ros'
[0.211s] Level 1:colcon.colcon_core.package_identification:_identify(ros_gz_project_template-main) by extensions ['cmake', 'python']
[0.211s] Level 1:colcon.colcon_core.package_identification:_identify(ros_gz_project_template-main) by extension 'cmake'
[0.211s] Level 1:colcon.colcon_core.package_identification:_identify(ros_gz_project_template-main) by extension 'python'
[0.211s] Level 1:colcon.colcon_core.package_identification:_identify(ros_gz_project_template-main) by extensions ['python_setup_py']
[0.211s] Level 1:colcon.colcon_core.package_identification:_identify(ros_gz_project_template-main) by extension 'python_setup_py'
[0.211s] Level 1:colcon.colcon_core.package_identification:_identify(ros_gz_project_template-main/ros_gz_example_application) by extensions ['ignore', 'ignore_ament_install']
[0.211s] Level 1:colcon.colcon_core.package_identification:_identify(ros_gz_project_template-main/ros_gz_example_application) by extension 'ignore'
[0.211s] Level 1:colcon.colcon_core.package_identification:_identify(ros_gz_project_template-main/ros_gz_example_application) by extension 'ignore_ament_install'
[0.211s] Level 1:colcon.colcon_core.package_identification:_identify(ros_gz_project_template-main/ros_gz_example_application) by extensions ['colcon_pkg']
[0.211s] Level 1:colcon.colcon_core.package_identification:_identify(ros_gz_project_template-main/ros_gz_example_application) by extension 'colcon_pkg'
[0.211s] Level 1:colcon.colcon_core.package_identification:_identify(ros_gz_project_template-main/ros_gz_example_application) by extensions ['colcon_meta']
[0.211s] Level 1:colcon.colcon_core.package_identification:_identify(ros_gz_project_template-main/ros_gz_example_application) by extension 'colcon_meta'
[0.211s] Level 1:colcon.colcon_core.package_identification:_identify(ros_gz_project_template-main/ros_gz_example_application) by extensions ['ros']
[0.211s] Level 1:colcon.colcon_core.package_identification:_identify(ros_gz_project_template-main/ros_gz_example_application) by extension 'ros'
[0.213s] DEBUG:colcon.colcon_core.package_identification:Package 'ros_gz_project_template-main/ros_gz_example_application' with type 'ros.ament_cmake' and name 'ros_gz_example_application'
[0.213s] Level 1:colcon.colcon_core.package_identification:_identify(ros_gz_project_template-main/ros_gz_example_bringup) by extensions ['ignore', 'ignore_ament_install']
[0.213s] Level 1:colcon.colcon_core.package_identification:_identify(ros_gz_project_template-main/ros_gz_example_bringup) by extension 'ignore'
[0.213s] Level 1:colcon.colcon_core.package_identification:_identify(ros_gz_project_template-main/ros_gz_example_bringup) by extension 'ignore_ament_install'
[0.213s] Level 1:colcon.colcon_core.package_identification:_identify(ros_gz_project_template-main/ros_gz_example_bringup) by extensions ['colcon_pkg']
[0.213s] Level 1:colcon.colcon_core.package_identification:_identify(ros_gz_project_template-main/ros_gz_example_bringup) by extension 'colcon_pkg'
[0.213s] Level 1:colcon.colcon_core.package_identification:_identify(ros_gz_project_template-main/ros_gz_example_bringup) by extensions ['colcon_meta']
[0.213s] Level 1:colcon.colcon_core.package_identification:_identify(ros_gz_project_template-main/ros_gz_example_bringup) by extension 'colcon_meta'
[0.213s] Level 1:colcon.colcon_core.package_identification:_identify(ros_gz_project_template-main/ros_gz_example_bringup) by extensions ['ros']
[0.213s] Level 1:colcon.colcon_core.package_identification:_identify(ros_gz_project_template-main/ros_gz_example_bringup) by extension 'ros'
[0.214s] DEBUG:colcon.colcon_core.package_identification:Package 'ros_gz_project_template-main/ros_gz_example_bringup' with type 'ros.ament_cmake' and name 'ros_gz_example_bringup'
[0.214s] Level 1:colcon.colcon_core.package_identification:_identify(ros_gz_project_template-main/ros_gz_example_description) by extensions ['ignore', 'ignore_ament_install']
[0.214s] Level 1:colcon.colcon_core.package_identification:_identify(ros_gz_project_template-main/ros_gz_example_description) by extension 'ignore'
[0.214s] Level 1:colcon.colcon_core.package_identification:_identify(ros_gz_project_template-main/ros_gz_example_description) by extension 'ignore_ament_install'
[0.214s] Level 1:colcon.colcon_core.package_identification:_identify(ros_gz_project_template-main/ros_gz_example_description) by extensions ['colcon_pkg']
[0.214s] Level 1:colcon.colcon_core.package_identification:_identify(ros_gz_project_template-main/ros_gz_example_description) by extension 'colcon_pkg'
[0.214s] Level 1:colcon.colcon_core.package_identification:_identify(ros_gz_project_template-main/ros_gz_example_description) by extensions ['colcon_meta']
[0.214s] Level 1:colcon.colcon_core.package_identification:_identify(ros_gz_project_template-main/ros_gz_example_description) by extension 'colcon_meta'
[0.214s] Level 1:colcon.colcon_core.package_identification:_identify(ros_gz_project_template-main/ros_gz_example_description) by extensions ['ros']
[0.214s] Level 1:colcon.colcon_core.package_identification:_identify(ros_gz_project_template-main/ros_gz_example_description) by extension 'ros'
[0.214s] DEBUG:colcon.colcon_core.package_identification:Package 'ros_gz_project_template-main/ros_gz_example_description' with type 'ros.ament_cmake' and name 'ros_gz_example_description'
[0.215s] Level 1:colcon.colcon_core.package_identification:_identify(ros_gz_project_template-main/ros_gz_example_gazebo) by extensions ['ignore', 'ignore_ament_install']
[0.215s] Level 1:colcon.colcon_core.package_identification:_identify(ros_gz_project_template-main/ros_gz_example_gazebo) by extension 'ignore'
[0.215s] Level 1:colcon.colcon_core.package_identification:_identify(ros_gz_project_template-main/ros_gz_example_gazebo) by extension 'ignore_ament_install'
[0.215s] Level 1:colcon.colcon_core.package_identification:_identify(ros_gz_project_template-main/ros_gz_example_gazebo) by extensions ['colcon_pkg']
[0.215s] Level 1:colcon.colcon_core.package_identification:_identify(ros_gz_project_template-main/ros_gz_example_gazebo) by extension 'colcon_pkg'
[0.215s] Level 1:colcon.colcon_core.package_identification:_identify(ros_gz_project_template-main/ros_gz_example_gazebo) by extensions ['colcon_meta']
[0.215s] Level 1:colcon.colcon_core.package_identification:_identify(ros_gz_project_template-main/ros_gz_example_gazebo) by extension 'colcon_meta'
[0.215s] Level 1:colcon.colcon_core.package_identification:_identify(ros_gz_project_template-main/ros_gz_example_gazebo) by extensions ['ros']
[0.215s] Level 1:colcon.colcon_core.package_identification:_identify(ros_gz_project_template-main/ros_gz_example_gazebo) by extension 'ros'
[0.215s] DEBUG:colcon.colcon_core.package_identification:Package 'ros_gz_project_template-main/ros_gz_example_gazebo' with type 'ros.ament_cmake' and name 'ros_gz_example_gazebo'
[0.215s] Level 1:colcon.colcon_core.package_discovery:discover_packages(recursive) using defaults
[0.215s] Level 1:colcon.colcon_core.package_discovery:discover_packages(ignore) discover
[0.215s] Level 1:colcon.colcon_core.package_discovery:discover_packages(ignore) using defaults
[0.215s] Level 1:colcon.colcon_core.package_discovery:discover_packages(path) discover
[0.215s] Level 1:colcon.colcon_core.package_discovery:discover_packages(path) using defaults
[0.237s] Level 1:colcon.colcon_core.package_discovery:discover_packages(prefix_path) check parameters
[0.237s] Level 1:colcon.colcon_core.package_discovery:discover_packages(prefix_path) discover
[0.239s] DEBUG:colcon.colcon_installed_package_information.package_discovery:Found 287 installed packages in /opt/ros/humble
[0.240s] Level 1:colcon.colcon_core.package_discovery:discover_packages(prefix_path) using defaults
[0.268s] Level 5:colcon.colcon_core.verb:set package 'ros_gz_example_application' build argument 'cmake_args' from command line to '['-DBUILD_TESTING=ON']'
[0.268s] Level 5:colcon.colcon_core.verb:set package 'ros_gz_example_application' build argument 'cmake_target' from command line to 'None'
[0.268s] Level 5:colcon.colcon_core.verb:set package 'ros_gz_example_application' build argument 'cmake_target_skip_unavailable' from command line to 'False'
[0.268s] Level 5:colcon.colcon_core.verb:set package 'ros_gz_example_application' build argument 'cmake_clean_cache' from command line to 'False'
[0.268s] Level 5:colcon.colcon_core.verb:set package 'ros_gz_example_application' build argument 'cmake_clean_first' from command line to 'False'
[0.268s] Level 5:colcon.colcon_core.verb:set package 'ros_gz_example_application' build argument 'cmake_force_configure' from command line to 'False'
[0.268s] Level 5:colcon.colcon_core.verb:set package 'ros_gz_example_application' build argument 'ament_cmake_args' from command line to 'None'
[0.268s] Level 5:colcon.colcon_core.verb:set package 'ros_gz_example_application' build argument 'catkin_cmake_args' from command line to 'None'
[0.268s] Level 5:colcon.colcon_core.verb:set package 'ros_gz_example_application' build argument 'catkin_skip_building_tests' from command line to 'False'
[0.268s] DEBUG:colcon.colcon_core.verb:Building package 'ros_gz_example_application' with the following arguments: {'ament_cmake_args': None, 'build_base': '/home/karol/Desktop/Droniada/martian_mines_ros2/build/ros_gz_example_application', 'catkin_cmake_args': None, 'catkin_skip_building_tests': False, 'cmake_args': ['-DBUILD_TESTING=ON'], 'cmake_clean_cache': False, 'cmake_clean_first': False, 'cmake_force_configure': False, 'cmake_target': None, 'cmake_target_skip_unavailable': False, 'install_base': '/home/karol/Desktop/Droniada/martian_mines_ros2/install/ros_gz_example_application', 'merge_install': False, 'path': '/home/karol/Desktop/Droniada/martian_mines_ros2/ros_gz_project_template-main/ros_gz_example_application', 'symlink_install': False, 'test_result_base': None}
[0.269s] Level 5:colcon.colcon_core.verb:set package 'ros_gz_example_description' build argument 'cmake_args' from command line to '['-DBUILD_TESTING=ON']'
[0.269s] Level 5:colcon.colcon_core.verb:set package 'ros_gz_example_description' build argument 'cmake_target' from command line to 'None'
[0.269s] Level 5:colcon.colcon_core.verb:set package 'ros_gz_example_description' build argument 'cmake_target_skip_unavailable' from command line to 'False'
[0.269s] Level 5:colcon.colcon_core.verb:set package 'ros_gz_example_description' build argument 'cmake_clean_cache' from command line to 'False'
[0.269s] Level 5:colcon.colcon_core.verb:set package 'ros_gz_example_description' build argument 'cmake_clean_first' from command line to 'False'
[0.269s] Level 5:colcon.colcon_core.verb:set package 'ros_gz_example_description' build argument 'cmake_force_configure' from command line to 'False'
[0.269s] Level 5:colcon.colcon_core.verb:set package 'ros_gz_example_description' build argument 'ament_cmake_args' from command line to 'None'
[0.269s] Level 5:colcon.colcon_core.verb:set package 'ros_gz_example_description' build argument 'catkin_cmake_args' from command line to 'None'
[0.269s] Level 5:colcon.colcon_core.verb:set package 'ros_gz_example_description' build argument 'catkin_skip_building_tests' from command line to 'False'
[0.269s] DEBUG:colcon.colcon_core.verb:Building package 'ros_gz_example_description' with the following arguments: {'ament_cmake_args': None, 'build_base': '/home/karol/Desktop/Droniada/martian_mines_ros2/build/ros_gz_example_description', 'catkin_cmake_args': None, 'catkin_skip_building_tests': False, 'cmake_args': ['-DBUILD_TESTING=ON'], 'cmake_clean_cache': False, 'cmake_clean_first': False, 'cmake_force_configure': False, 'cmake_target': None, 'cmake_target_skip_unavailable': False, 'install_base': '/home/karol/Desktop/Droniada/martian_mines_ros2/install/ros_gz_example_description', 'merge_install': False, 'path': '/home/karol/Desktop/Droniada/martian_mines_ros2/ros_gz_project_template-main/ros_gz_example_description', 'symlink_install': False, 'test_result_base': None}
[0.269s] Level 5:colcon.colcon_core.verb:set package 'ros_gz_example_gazebo' build argument 'cmake_args' from command line to '['-DBUILD_TESTING=ON']'
[0.269s] Level 5:colcon.colcon_core.verb:set package 'ros_gz_example_gazebo' build argument 'cmake_target' from command line to 'None'
[0.269s] Level 5:colcon.colcon_core.verb:set package 'ros_gz_example_gazebo' build argument 'cmake_target_skip_unavailable' from command line to 'False'
[0.269s] Level 5:colcon.colcon_core.verb:set package 'ros_gz_example_gazebo' build argument 'cmake_clean_cache' from command line to 'False'
[0.269s] Level 5:colcon.colcon_core.verb:set package 'ros_gz_example_gazebo' build argument 'cmake_clean_first' from command line to 'False'
[0.269s] Level 5:colcon.colcon_core.verb:set package 'ros_gz_example_gazebo' build argument 'cmake_force_configure' from command line to 'False'
[0.269s] Level 5:colcon.colcon_core.verb:set package 'ros_gz_example_gazebo' build argument 'ament_cmake_args' from command line to 'None'
[0.269s] Level 5:colcon.colcon_core.verb:set package 'ros_gz_example_gazebo' build argument 'catkin_cmake_args' from command line to 'None'
[0.269s] Level 5:colcon.colcon_core.verb:set package 'ros_gz_example_gazebo' build argument 'catkin_skip_building_tests' from command line to 'False'
[0.269s] DEBUG:colcon.colcon_core.verb:Building package 'ros_gz_example_gazebo' with the following arguments: {'ament_cmake_args': None, 'build_base': '/home/karol/Desktop/Droniada/martian_mines_ros2/build/ros_gz_example_gazebo', 'catkin_cmake_args': None, 'catkin_skip_building_tests': False, 'cmake_args': ['-DBUILD_TESTING=ON'], 'cmake_clean_cache': False, 'cmake_clean_first': False, 'cmake_force_configure': False, 'cmake_target': None, 'cmake_target_skip_unavailable': False, 'install_base': '/home/karol/Desktop/Droniada/martian_mines_ros2/install/ros_gz_example_gazebo', 'merge_install': False, 'path': '/home/karol/Desktop/Droniada/martian_mines_ros2/ros_gz_project_template-main/ros_gz_example_gazebo', 'symlink_install': False, 'test_result_base': None}
[0.269s] Level 5:colcon.colcon_core.verb:set package 'ros_gz_example_bringup' build argument 'cmake_args' from command line to '['-DBUILD_TESTING=ON']'
[0.270s] Level 5:colcon.colcon_core.verb:set package 'ros_gz_example_bringup' build argument 'cmake_target' from command line to 'None'
[0.270s] Level 5:colcon.colcon_core.verb:set package 'ros_gz_example_bringup' build argument 'cmake_target_skip_unavailable' from command line to 'False'
[0.270s] Level 5:colcon.colcon_core.verb:set package 'ros_gz_example_bringup' build argument 'cmake_clean_cache' from command line to 'False'
[0.270s] Level 5:colcon.colcon_core.verb:set package 'ros_gz_example_bringup' build argument 'cmake_clean_first' from command line to 'False'
[0.270s] Level 5:colcon.colcon_core.verb:set package 'ros_gz_example_bringup' build argument 'cmake_force_configure' from command line to 'False'
[0.270s] Level 5:colcon.colcon_core.verb:set package 'ros_gz_example_bringup' build argument 'ament_cmake_args' from command line to 'None'
[0.270s] Level 5:colcon.colcon_core.verb:set package 'ros_gz_example_bringup' build argument 'catkin_cmake_args' from command line to 'None'
[0.270s] Level 5:colcon.colcon_core.verb:set package 'ros_gz_example_bringup' build argument 'catkin_skip_building_tests' from command line to 'False'
[0.270s] DEBUG:colcon.colcon_core.verb:Building package 'ros_gz_example_bringup' with the following arguments: {'ament_cmake_args': None, 'build_base': '/home/karol/Desktop/Droniada/martian_mines_ros2/build/ros_gz_example_bringup', 'catkin_cmake_args': None, 'catkin_skip_building_tests': False, 'cmake_args': ['-DBUILD_TESTING=ON'], 'cmake_clean_cache': False, 'cmake_clean_first': False, 'cmake_force_configure': False, 'cmake_target': None, 'cmake_target_skip_unavailable': False, 'install_base': '/home/karol/Desktop/Droniada/martian_mines_ros2/install/ros_gz_example_bringup', 'merge_install': False, 'path': '/home/karol/Desktop/Droniada/martian_mines_ros2/ros_gz_project_template-main/ros_gz_example_bringup', 'symlink_install': False, 'test_result_base': None}
[0.270s] INFO:colcon.colcon_core.executor:Executing jobs using 'parallel' executor
[0.271s] DEBUG:colcon.colcon_parallel_executor.executor.parallel:run_until_complete
[0.271s] INFO:colcon.colcon_ros.task.ament_cmake.build:Building ROS package in '/home/karol/Desktop/Droniada/martian_mines_ros2/ros_gz_project_template-main/ros_gz_example_description' with build type 'ament_cmake'
[0.271s] INFO:colcon.colcon_cmake.task.cmake.build:Building CMake package in '/home/karol/Desktop/Droniada/martian_mines_ros2/ros_gz_project_template-main/ros_gz_example_description'
[0.272s] INFO:colcon.colcon_core.plugin_system:Skipping extension 'colcon_core.shell.bat': Not used on non-Windows systems
[0.272s] INFO:colcon.colcon_core.shell:Skip shell extension 'powershell' for command environment: Not usable outside of PowerShell
[0.272s] DEBUG:colcon.colcon_core.shell:Skip shell extension 'dsv' for command environment
[0.275s] INFO:colcon.colcon_ros.task.ament_cmake.build:Building ROS package in '/home/karol/Desktop/Droniada/martian_mines_ros2/ros_gz_project_template-main/ros_gz_example_application' with build type 'ament_cmake'
[0.275s] INFO:colcon.colcon_cmake.task.cmake.build:Building CMake package in '/home/karol/Desktop/Droniada/martian_mines_ros2/ros_gz_project_template-main/ros_gz_example_application'
[0.275s] INFO:colcon.colcon_core.shell:Skip shell extension 'powershell' for command environment: Not usable outside of PowerShell
[0.275s] DEBUG:colcon.colcon_core.shell:Skip shell extension 'dsv' for command environment
[0.280s] DEBUG:colcon.colcon_core.event_handler.log_command:Invoking command in '/home/karol/Desktop/Droniada/martian_mines_ros2/build/ros_gz_example_description': CMAKE_PREFIX_PATH=/opt/ros/humble /usr/bin/cmake /home/karol/Desktop/Droniada/martian_mines_ros2/ros_gz_project_template-main/ros_gz_example_description -DBUILD_TESTING=ON -DCMAKE_INSTALL_PREFIX=/home/karol/Desktop/Droniada/martian_mines_ros2/install/ros_gz_example_description
[0.283s] DEBUG:colcon.colcon_core.event_handler.log_command:Invoking command in '/home/karol/Desktop/Droniada/martian_mines_ros2/build/ros_gz_example_application': CMAKE_PREFIX_PATH=/opt/ros/humble /usr/bin/cmake /home/karol/Desktop/Droniada/martian_mines_ros2/ros_gz_project_template-main/ros_gz_example_application -DBUILD_TESTING=ON -DCMAKE_INSTALL_PREFIX=/home/karol/Desktop/Droniada/martian_mines_ros2/install/ros_gz_example_application
[0.783s] DEBUG:colcon.colcon_core.event_handler.log_command:Invoked command in '/home/karol/Desktop/Droniada/martian_mines_ros2/build/ros_gz_example_application' returned '0': CMAKE_PREFIX_PATH=/opt/ros/humble /usr/bin/cmake /home/karol/Desktop/Droniada/martian_mines_ros2/ros_gz_project_template-main/ros_gz_example_application -DBUILD_TESTING=ON -DCMAKE_INSTALL_PREFIX=/home/karol/Desktop/Droniada/martian_mines_ros2/install/ros_gz_example_application
[0.785s] DEBUG:colcon.colcon_core.event_handler.log_command:Invoking command in '/home/karol/Desktop/Droniada/martian_mines_ros2/build/ros_gz_example_application': CMAKE_PREFIX_PATH=/opt/ros/humble /usr/bin/cmake --build /home/karol/Desktop/Droniada/martian_mines_ros2/build/ros_gz_example_application -- -j12 -l12
[0.786s] DEBUG:colcon.colcon_core.event_handler.log_command:Invoked command in '/home/karol/Desktop/Droniada/martian_mines_ros2/build/ros_gz_example_description' returned '0': CMAKE_PREFIX_PATH=/opt/ros/humble /usr/bin/cmake /home/karol/Desktop/Droniada/martian_mines_ros2/ros_gz_project_template-main/ros_gz_example_description -DBUILD_TESTING=ON -DCMAKE_INSTALL_PREFIX=/home/karol/Desktop/Droniada/martian_mines_ros2/install/ros_gz_example_description
[0.787s] DEBUG:colcon.colcon_core.event_handler.log_command:Invoking command in '/home/karol/Desktop/Droniada/martian_mines_ros2/build/ros_gz_example_description': CMAKE_PREFIX_PATH=/opt/ros/humble /usr/bin/cmake --build /home/karol/Desktop/Droniada/martian_mines_ros2/build/ros_gz_example_description -- -j12 -l12
[0.819s] DEBUG:colcon.colcon_core.event_handler.log_command:Invoked command in '/home/karol/Desktop/Droniada/martian_mines_ros2/build/ros_gz_example_application' returned '0': CMAKE_PREFIX_PATH=/opt/ros/humble /usr/bin/cmake --build /home/karol/Desktop/Droniada/martian_mines_ros2/build/ros_gz_example_application -- -j12 -l12
[0.827s] DEBUG:colcon.colcon_core.event_handler.log_command:Invoking command in '/home/karol/Desktop/Droniada/martian_mines_ros2/build/ros_gz_example_application': CMAKE_PREFIX_PATH=/opt/ros/humble /usr/bin/cmake --install /home/karol/Desktop/Droniada/martian_mines_ros2/build/ros_gz_example_application
[0.828s] DEBUG:colcon.colcon_core.event_handler.log_command:Invoked command in '/home/karol/Desktop/Droniada/martian_mines_ros2/build/ros_gz_example_description' returned '0': CMAKE_PREFIX_PATH=/opt/ros/humble /usr/bin/cmake --build /home/karol/Desktop/Droniada/martian_mines_ros2/build/ros_gz_example_description -- -j12 -l12
[0.829s] DEBUG:colcon.colcon_core.event_handler.log_command:Invoking command in '/home/karol/Desktop/Droniada/martian_mines_ros2/build/ros_gz_example_description': CMAKE_PREFIX_PATH=/opt/ros/humble /usr/bin/cmake --install /home/karol/Desktop/Droniada/martian_mines_ros2/build/ros_gz_example_description
[0.838s] Level 1:colcon.colcon_core.environment:create_environment_scripts_only(ros_gz_example_application)
[0.838s] DEBUG:colcon.colcon_core.event_handler.log_command:Invoked command in '/home/karol/Desktop/Droniada/martian_mines_ros2/build/ros_gz_example_application' returned '0': CMAKE_PREFIX_PATH=/opt/ros/humble /usr/bin/cmake --install /home/karol/Desktop/Droniada/martian_mines_ros2/build/ros_gz_example_application
[0.840s] Level 1:colcon.colcon_core.environment:checking '/home/karol/Desktop/Droniada/martian_mines_ros2/install/ros_gz_example_application' for CMake module files
[0.840s] Level 1:colcon.colcon_core.environment:checking '/home/karol/Desktop/Droniada/martian_mines_ros2/install/ros_gz_example_application' for CMake config files
[0.840s] Level 1:colcon.colcon_core.shell:create_environment_hook('ros_gz_example_application', 'cmake_prefix_path')
[0.840s] INFO:colcon.colcon_core.shell:Creating environment hook '/home/karol/Desktop/Droniada/martian_mines_ros2/install/ros_gz_example_application/share/ros_gz_example_application/hook/cmake_prefix_path.ps1'
[0.841s] INFO:colcon.colcon_core.shell:Creating environment descriptor '/home/karol/Desktop/Droniada/martian_mines_ros2/install/ros_gz_example_application/share/ros_gz_example_application/hook/cmake_prefix_path.dsv'
[0.841s] INFO:colcon.colcon_core.shell:Creating environment hook '/home/karol/Desktop/Droniada/martian_mines_ros2/install/ros_gz_example_application/share/ros_gz_example_application/hook/cmake_prefix_path.sh'
[0.842s] Level 1:colcon.colcon_core.environment:checking '/home/karol/Desktop/Droniada/martian_mines_ros2/install/ros_gz_example_application/bin'
[0.842s] Level 1:colcon.colcon_core.environment:checking '/home/karol/Desktop/Droniada/martian_mines_ros2/install/ros_gz_example_application/lib/pkgconfig/ros_gz_example_application.pc'
[0.842s] Level 1:colcon.colcon_core.environment:checking '/home/karol/Desktop/Droniada/martian_mines_ros2/install/ros_gz_example_application/lib/python3.10/site-packages'
[0.842s] Level 1:colcon.colcon_core.environment:checking '/home/karol/Desktop/Droniada/martian_mines_ros2/install/ros_gz_example_application/bin'
[0.842s] INFO:colcon.colcon_core.shell:Creating package script '/home/karol/Desktop/Droniada/martian_mines_ros2/install/ros_gz_example_application/share/ros_gz_example_application/package.ps1'
[0.843s] INFO:colcon.colcon_core.shell:Creating package descriptor '/home/karol/Desktop/Droniada/martian_mines_ros2/install/ros_gz_example_application/share/ros_gz_example_application/package.dsv'
[0.843s] INFO:colcon.colcon_core.shell:Creating package script '/home/karol/Desktop/Droniada/martian_mines_ros2/install/ros_gz_example_application/share/ros_gz_example_application/package.sh'
[0.844s] INFO:colcon.colcon_core.shell:Creating package script '/home/karol/Desktop/Droniada/martian_mines_ros2/install/ros_gz_example_application/share/ros_gz_example_application/package.bash'
[0.844s] INFO:colcon.colcon_core.shell:Creating package script '/home/karol/Desktop/Droniada/martian_mines_ros2/install/ros_gz_example_application/share/ros_gz_example_application/package.zsh'
[0.845s] Level 1:colcon.colcon_core.environment:create_file_with_runtime_dependencies(/home/karol/Desktop/Droniada/martian_mines_ros2/install/ros_gz_example_application/share/colcon-core/packages/ros_gz_example_application)
[0.845s] Level 1:colcon.colcon_core.environment:create_environment_scripts_only(ros_gz_example_application)
[0.845s] Level 1:colcon.colcon_core.environment:checking '/home/karol/Desktop/Droniada/martian_mines_ros2/install/ros_gz_example_application' for CMake module files
[0.845s] Level 1:colcon.colcon_core.environment:checking '/home/karol/Desktop/Droniada/martian_mines_ros2/install/ros_gz_example_application' for CMake config files
[0.846s] Level 1:colcon.colcon_core.shell:create_environment_hook('ros_gz_example_application', 'cmake_prefix_path')
[0.846s] INFO:colcon.colcon_core.shell:Creating environment hook '/home/karol/Desktop/Droniada/martian_mines_ros2/install/ros_gz_example_application/share/ros_gz_example_application/hook/cmake_prefix_path.ps1'
[0.846s] INFO:colcon.colcon_core.shell:Creating environment descriptor '/home/karol/Desktop/Droniada/martian_mines_ros2/install/ros_gz_example_application/share/ros_gz_example_application/hook/cmake_prefix_path.dsv'
[0.846s] INFO:colcon.colcon_core.shell:Creating environment hook '/home/karol/Desktop/Droniada/martian_mines_ros2/install/ros_gz_example_application/share/ros_gz_example_application/hook/cmake_prefix_path.sh'
[0.846s] Level 1:colcon.colcon_core.environment:checking '/home/karol/Desktop/Droniada/martian_mines_ros2/install/ros_gz_example_application/bin'
[0.847s] Level 1:colcon.colcon_core.environment:checking '/home/karol/Desktop/Droniada/martian_mines_ros2/install/ros_gz_example_application/lib/pkgconfig/ros_gz_example_application.pc'
[0.847s] Level 1:colcon.colcon_core.environment:checking '/home/karol/Desktop/Droniada/martian_mines_ros2/install/ros_gz_example_application/lib/python3.10/site-packages'
[0.847s] Level 1:colcon.colcon_core.environment:checking '/home/karol/Desktop/Droniada/martian_mines_ros2/install/ros_gz_example_application/bin'
[0.847s] INFO:colcon.colcon_core.shell:Creating package script '/home/karol/Desktop/Droniada/martian_mines_ros2/install/ros_gz_example_application/share/ros_gz_example_application/package.ps1'
[0.847s] INFO:colcon.colcon_core.shell:Creating package descriptor '/home/karol/Desktop/Droniada/martian_mines_ros2/install/ros_gz_example_application/share/ros_gz_example_application/package.dsv'
[0.848s] INFO:colcon.colcon_core.shell:Creating package script '/home/karol/Desktop/Droniada/martian_mines_ros2/install/ros_gz_example_application/share/ros_gz_example_application/package.sh'
[0.848s] INFO:colcon.colcon_core.shell:Creating package script '/home/karol/Desktop/Droniada/martian_mines_ros2/install/ros_gz_example_application/share/ros_gz_example_application/package.bash'
[0.848s] INFO:colcon.colcon_core.shell:Creating package script '/home/karol/Desktop/Droniada/martian_mines_ros2/install/ros_gz_example_application/share/ros_gz_example_application/package.zsh'
[0.848s] Level 1:colcon.colcon_core.environment:create_file_with_runtime_dependencies(/home/karol/Desktop/Droniada/martian_mines_ros2/install/ros_gz_example_application/share/colcon-core/packages/ros_gz_example_application)
[0.849s] Level 1:colcon.colcon_core.environment:create_environment_scripts_only(ros_gz_example_description)
[0.849s] Level 1:colcon.colcon_core.environment:checking '/home/karol/Desktop/Droniada/martian_mines_ros2/install/ros_gz_example_description' for CMake module files
[0.850s] DEBUG:colcon.colcon_core.event_handler.log_command:Invoked command in '/home/karol/Desktop/Droniada/martian_mines_ros2/build/ros_gz_example_description' returned '0': CMAKE_PREFIX_PATH=/opt/ros/humble /usr/bin/cmake --install /home/karol/Desktop/Droniada/martian_mines_ros2/build/ros_gz_example_description
[0.850s] Level 1:colcon.colcon_core.environment:checking '/home/karol/Desktop/Droniada/martian_mines_ros2/install/ros_gz_example_description' for CMake config files
[0.850s] Level 1:colcon.colcon_core.shell:create_environment_hook('ros_gz_example_description', 'cmake_prefix_path')
[0.850s] INFO:colcon.colcon_core.shell:Creating environment hook '/home/karol/Desktop/Droniada/martian_mines_ros2/install/ros_gz_example_description/share/ros_gz_example_description/hook/cmake_prefix_path.ps1'
[0.850s] INFO:colcon.colcon_core.shell:Creating environment descriptor '/home/karol/Desktop/Droniada/martian_mines_ros2/install/ros_gz_example_description/share/ros_gz_example_description/hook/cmake_prefix_path.dsv'
[0.851s] INFO:colcon.colcon_core.shell:Creating environment hook '/home/karol/Desktop/Droniada/martian_mines_ros2/install/ros_gz_example_description/share/ros_gz_example_description/hook/cmake_prefix_path.sh'
[0.851s] Level 1:colcon.colcon_core.environment:checking '/home/karol/Desktop/Droniada/martian_mines_ros2/install/ros_gz_example_description/bin'
[0.851s] Level 1:colcon.colcon_core.environment:checking '/home/karol/Desktop/Droniada/martian_mines_ros2/install/ros_gz_example_description/lib/pkgconfig/ros_gz_example_description.pc'
[0.851s] Level 1:colcon.colcon_core.environment:checking '/home/karol/Desktop/Droniada/martian_mines_ros2/install/ros_gz_example_description/lib/python3.10/site-packages'
[0.851s] Level 1:colcon.colcon_core.environment:checking '/home/karol/Desktop/Droniada/martian_mines_ros2/install/ros_gz_example_description/bin'
[0.851s] INFO:colcon.colcon_core.shell:Creating package script '/home/karol/Desktop/Droniada/martian_mines_ros2/install/ros_gz_example_description/share/ros_gz_example_description/package.ps1'
[0.852s] INFO:colcon.colcon_core.shell:Creating package descriptor '/home/karol/Desktop/Droniada/martian_mines_ros2/install/ros_gz_example_description/share/ros_gz_example_description/package.dsv'
[0.852s] INFO:colcon.colcon_core.shell:Creating package script '/home/karol/Desktop/Droniada/martian_mines_ros2/install/ros_gz_example_description/share/ros_gz_example_description/package.sh'
[0.852s] INFO:colcon.colcon_core.shell:Creating package script '/home/karol/Desktop/Droniada/martian_mines_ros2/install/ros_gz_example_description/share/ros_gz_example_description/package.bash'
[0.852s] INFO:colcon.colcon_core.shell:Creating package script '/home/karol/Desktop/Droniada/martian_mines_ros2/install/ros_gz_example_description/share/ros_gz_example_description/package.zsh'
[0.852s] Level 1:colcon.colcon_core.environment:create_file_with_runtime_dependencies(/home/karol/Desktop/Droniada/martian_mines_ros2/install/ros_gz_example_description/share/colcon-core/packages/ros_gz_example_description)
[0.853s] Level 1:colcon.colcon_core.environment:create_environment_scripts_only(ros_gz_example_description)
[0.853s] Level 1:colcon.colcon_core.environment:checking '/home/karol/Desktop/Droniada/martian_mines_ros2/install/ros_gz_example_description' for CMake module files
[0.853s] Level 1:colcon.colcon_core.environment:checking '/home/karol/Desktop/Droniada/martian_mines_ros2/install/ros_gz_example_description' for CMake config files
[0.854s] Level 1:colcon.colcon_core.shell:create_environment_hook('ros_gz_example_description', 'cmake_prefix_path')
[0.854s] INFO:colcon.colcon_core.shell:Creating environment hook '/home/karol/Desktop/Droniada/martian_mines_ros2/install/ros_gz_example_description/share/ros_gz_example_description/hook/cmake_prefix_path.ps1'
[0.854s] INFO:colcon.colcon_core.shell:Creating environment descriptor '/home/karol/Desktop/Droniada/martian_mines_ros2/install/ros_gz_example_description/share/ros_gz_example_description/hook/cmake_prefix_path.dsv'
[0.854s] INFO:colcon.colcon_core.shell:Creating environment hook '/home/karol/Desktop/Droniada/martian_mines_ros2/install/ros_gz_example_description/share/ros_gz_example_description/hook/cmake_prefix_path.sh'
[0.854s] Level 1:colcon.colcon_core.environment:checking '/home/karol/Desktop/Droniada/martian_mines_ros2/install/ros_gz_example_description/bin'
[0.854s] Level 1:colcon.colcon_core.environment:checking '/home/karol/Desktop/Droniada/martian_mines_ros2/install/ros_gz_example_description/lib/pkgconfig/ros_gz_example_description.pc'
[0.855s] Level 1:colcon.colcon_core.environment:checking '/home/karol/Desktop/Droniada/martian_mines_ros2/install/ros_gz_example_description/lib/python3.10/site-packages'
[0.855s] Level 1:colcon.colcon_core.environment:checking '/home/karol/Desktop/Droniada/martian_mines_ros2/install/ros_gz_example_description/bin'
[0.855s] INFO:colcon.colcon_core.shell:Creating package script '/home/karol/Desktop/Droniada/martian_mines_ros2/install/ros_gz_example_description/share/ros_gz_example_description/package.ps1'
[0.855s] INFO:colcon.colcon_core.shell:Creating package descriptor '/home/karol/Desktop/Droniada/martian_mines_ros2/install/ros_gz_example_description/share/ros_gz_example_description/package.dsv'
[0.855s] INFO:colcon.colcon_core.shell:Creating package script '/home/karol/Desktop/Droniada/martian_mines_ros2/install/ros_gz_example_description/share/ros_gz_example_description/package.sh'
[0.856s] INFO:colcon.colcon_core.shell:Creating package script '/home/karol/Desktop/Droniada/martian_mines_ros2/install/ros_gz_example_description/share/ros_gz_example_description/package.bash'
[0.856s] INFO:colcon.colcon_core.shell:Creating package script '/home/karol/Desktop/Droniada/martian_mines_ros2/install/ros_gz_example_description/share/ros_gz_example_description/package.zsh'
[0.856s] Level 1:colcon.colcon_core.environment:create_file_with_runtime_dependencies(/home/karol/Desktop/Droniada/martian_mines_ros2/install/ros_gz_example_description/share/colcon-core/packages/ros_gz_example_description)
[0.856s] INFO:colcon.colcon_ros.task.ament_cmake.build:Building ROS package in '/home/karol/Desktop/Droniada/martian_mines_ros2/ros_gz_project_template-main/ros_gz_example_gazebo' with build type 'ament_cmake'
[0.857s] INFO:colcon.colcon_cmake.task.cmake.build:Building CMake package in '/home/karol/Desktop/Droniada/martian_mines_ros2/ros_gz_project_template-main/ros_gz_example_gazebo'
[0.857s] INFO:colcon.colcon_core.shell:Skip shell extension 'powershell' for command environment: Not usable outside of PowerShell
[0.857s] DEBUG:colcon.colcon_core.shell:Skip shell extension 'dsv' for command environment
[0.862s] DEBUG:colcon.colcon_core.event_handler.log_command:Invoking command in '/home/karol/Desktop/Droniada/martian_mines_ros2/build/ros_gz_example_gazebo': AMENT_PREFIX_PATH=/home/karol/Desktop/Droniada/martian_mines_ros2/install/ros_gz_example_description:${AMENT_PREFIX_PATH} CMAKE_PREFIX_PATH=/home/karol/Desktop/Droniada/martian_mines_ros2/install/ros_gz_example_description:/opt/ros/humble GZ_SIM_RESOURCE_PATH=/home/karol/Desktop/Droniada/martian_mines_ros2/install/ros_gz_example_description/share/ros_gz_example_description/models /usr/bin/cmake /home/karol/Desktop/Droniada/martian_mines_ros2/ros_gz_project_template-main/ros_gz_example_gazebo -DBUILD_TESTING=ON -DCMAKE_INSTALL_PREFIX=/home/karol/Desktop/Droniada/martian_mines_ros2/install/ros_gz_example_gazebo
[1.399s] DEBUG:colcon.colcon_core.event_handler.log_command:Invoked command in '/home/karol/Desktop/Droniada/martian_mines_ros2/build/ros_gz_example_gazebo' returned '1': AMENT_PREFIX_PATH=/home/karol/Desktop/Droniada/martian_mines_ros2/install/ros_gz_example_description:${AMENT_PREFIX_PATH} CMAKE_PREFIX_PATH=/home/karol/Desktop/Droniada/martian_mines_ros2/install/ros_gz_example_description:/opt/ros/humble GZ_SIM_RESOURCE_PATH=/home/karol/Desktop/Droniada/martian_mines_ros2/install/ros_gz_example_description/share/ros_gz_example_description/models /usr/bin/cmake /home/karol/Desktop/Droniada/martian_mines_ros2/ros_gz_project_template-main/ros_gz_example_gazebo -DBUILD_TESTING=ON -DCMAKE_INSTALL_PREFIX=/home/karol/Desktop/Droniada/martian_mines_ros2/install/ros_gz_example_gazebo
[1.410s] Level 1:colcon.colcon_core.environment:create_environment_scripts_only(ros_gz_example_gazebo)
[1.411s] Level 1:colcon.colcon_core.environment:checking '/home/karol/Desktop/Droniada/martian_mines_ros2/install/ros_gz_example_gazebo' for CMake module files
[1.411s] Level 1:colcon.colcon_core.environment:checking '/home/karol/Desktop/Droniada/martian_mines_ros2/install/ros_gz_example_gazebo' for CMake config files
[1.411s] Level 1:colcon.colcon_core.environment:checking '/home/karol/Desktop/Droniada/martian_mines_ros2/install/ros_gz_example_gazebo/bin'
[1.411s] Level 1:colcon.colcon_core.environment:checking '/home/karol/Desktop/Droniada/martian_mines_ros2/install/ros_gz_example_gazebo/lib/pkgconfig/ros_gz_example_gazebo.pc'
[1.412s] Level 1:colcon.colcon_core.environment:checking '/home/karol/Desktop/Droniada/martian_mines_ros2/install/ros_gz_example_gazebo/lib/python3.10/site-packages'
[1.412s] Level 1:colcon.colcon_core.environment:checking '/home/karol/Desktop/Droniada/martian_mines_ros2/install/ros_gz_example_gazebo/bin'
[1.412s] INFO:colcon.colcon_core.shell:Creating package script '/home/karol/Desktop/Droniada/martian_mines_ros2/install/ros_gz_example_gazebo/share/ros_gz_example_gazebo/package.ps1'
[1.413s] INFO:colcon.colcon_core.shell:Creating package descriptor '/home/karol/Desktop/Droniada/martian_mines_ros2/install/ros_gz_example_gazebo/share/ros_gz_example_gazebo/package.dsv'
[1.413s] INFO:colcon.colcon_core.shell:Creating package script '/home/karol/Desktop/Droniada/martian_mines_ros2/install/ros_gz_example_gazebo/share/ros_gz_example_gazebo/package.sh'
[1.414s] INFO:colcon.colcon_core.shell:Creating package script '/home/karol/Desktop/Droniada/martian_mines_ros2/install/ros_gz_example_gazebo/share/ros_gz_example_gazebo/package.bash'
[1.414s] INFO:colcon.colcon_core.shell:Creating package script '/home/karol/Desktop/Droniada/martian_mines_ros2/install/ros_gz_example_gazebo/share/ros_gz_example_gazebo/package.zsh'
[1.414s] Level 1:colcon.colcon_core.environment:create_file_with_runtime_dependencies(/home/karol/Desktop/Droniada/martian_mines_ros2/install/ros_gz_example_gazebo/share/colcon-core/packages/ros_gz_example_gazebo)
[1.425s] DEBUG:colcon.colcon_parallel_executor.executor.parallel:closing loop
[1.425s] DEBUG:colcon.colcon_parallel_executor.executor.parallel:loop closed
[1.425s] DEBUG:colcon.colcon_parallel_executor.executor.parallel:run_until_complete finished with '1'
[1.425s] DEBUG:colcon.colcon_core.event_reactor:joining thread
[1.429s] INFO:colcon.colcon_core.plugin_system:Skipping extension 'colcon_notification.desktop_notification.terminal_notifier': Not used on non-Darwin systems
[1.429s] INFO:colcon.colcon_core.plugin_system:Skipping extension 'colcon_notification.desktop_notification.win32': Not used on non-Windows systems
[1.429s] INFO:colcon.colcon_notification.desktop_notification:Sending desktop notification using 'notify2'
[1.440s] DEBUG:colcon.colcon_core.event_reactor:joined thread
[1.440s] INFO:colcon.colcon_core.shell:Creating prefix script '/home/karol/Desktop/Droniada/martian_mines_ros2/install/local_setup.ps1'
[1.441s] INFO:colcon.colcon_core.shell:Creating prefix util module '/home/karol/Desktop/Droniada/martian_mines_ros2/install/_local_setup_util_ps1.py'
[1.444s] INFO:colcon.colcon_core.shell:Creating prefix chain script '/home/karol/Desktop/Droniada/martian_mines_ros2/install/setup.ps1'
[1.445s] INFO:colcon.colcon_core.shell:Creating prefix script '/home/karol/Desktop/Droniada/martian_mines_ros2/install/local_setup.sh'
[1.446s] INFO:colcon.colcon_core.shell:Creating prefix util module '/home/karol/Desktop/Droniada/martian_mines_ros2/install/_local_setup_util_sh.py'
[1.446s] INFO:colcon.colcon_core.shell:Creating prefix chain script '/home/karol/Desktop/Droniada/martian_mines_ros2/install/setup.sh'
[1.448s] INFO:colcon.colcon_core.shell:Creating prefix script '/home/karol/Desktop/Droniada/martian_mines_ros2/install/local_setup.bash'
[1.449s] INFO:colcon.colcon_core.shell:Creating prefix chain script '/home/karol/Desktop/Droniada/martian_mines_ros2/install/setup.bash'
[1.450s] INFO:colcon.colcon_core.shell:Creating prefix script '/home/karol/Desktop/Droniada/martian_mines_ros2/install/local_setup.zsh'
[1.451s] INFO:colcon.colcon_core.shell:Creating prefix chain script '/home/karol/Desktop/Droniada/martian_mines_ros2/install/setup.zsh'
