[0.009s] Invoking command in '/home/karol/Desktop/Droniada/martian_mines_ros2/build/ros_gz_example_description': CMAKE_PREFIX_PATH=/opt/ros/humble /usr/bin/cmake /home/karol/Desktop/Droniada/martian_mines_ros2/ros_gz_project_template-main/ros_gz_example_description -DBUILD_TESTING=ON -DCMAKE_INSTALL_PREFIX=/home/karol/Desktop/Droniada/martian_mines_ros2/install/ros_gz_example_description
[0.063s] -- The C compiler identification is GNU 11.4.0
[0.113s] -- The CXX compiler identification is GNU 11.4.0
[0.124s] -- Detecting C compiler ABI info
[0.185s] -- Detecting C compiler ABI info - done
[0.192s] -- Check for working C compiler: /usr/bin/cc - skipped
[0.192s] -- Detecting C compile features
[0.192s] -- Detecting C compile features - done
[0.194s] -- Detecting CXX compiler ABI info
[0.261s] -- Detecting CXX compiler ABI info - done
[0.267s] -- Check for working CXX compiler: /usr/bin/c++ - skipped
[0.267s] -- Detecting CXX compile features
[0.268s] -- Detecting CXX compile features - done
[0.270s] -- Found ament_cmake: 1.3.11 (/opt/ros/humble/share/ament_cmake/cmake)
[0.385s] -- Found Python3: /usr/bin/python3 (found version "3.10.12") found components: Interpreter 
[0.455s] -- Found ament_lint_auto: 0.12.11 (/opt/ros/humble/share/ament_lint_auto/cmake)
[0.505s] -- Configuring done
[0.510s] -- Generating done
[0.512s] -- Build files have been written to: /home/karol/Desktop/Droniada/martian_mines_ros2/build/ros_gz_example_description
[0.515s] Invoked command in '/home/karol/Desktop/Droniada/martian_mines_ros2/build/ros_gz_example_description' returned '0': CMAKE_PREFIX_PATH=/opt/ros/humble /usr/bin/cmake /home/karol/Desktop/Droniada/martian_mines_ros2/ros_gz_project_template-main/ros_gz_example_description -DBUILD_TESTING=ON -DCMAKE_INSTALL_PREFIX=/home/karol/Desktop/Droniada/martian_mines_ros2/install/ros_gz_example_description
[0.516s] Invoking command in '/home/karol/Desktop/Droniada/martian_mines_ros2/build/ros_gz_example_description': CMAKE_PREFIX_PATH=/opt/ros/humble /usr/bin/cmake --build /home/karol/Desktop/Droniada/martian_mines_ros2/build/ros_gz_example_description -- -j12 -l12
[0.556s] Invoked command in '/home/karol/Desktop/Droniada/martian_mines_ros2/build/ros_gz_example_description' returned '0': CMAKE_PREFIX_PATH=/opt/ros/humble /usr/bin/cmake --build /home/karol/Desktop/Droniada/martian_mines_ros2/build/ros_gz_example_description -- -j12 -l12
[0.557s] Invoking command in '/home/karol/Desktop/Droniada/martian_mines_ros2/build/ros_gz_example_description': CMAKE_PREFIX_PATH=/opt/ros/humble /usr/bin/cmake --install /home/karol/Desktop/Droniada/martian_mines_ros2/build/ros_gz_example_description
[0.563s] -- Install configuration: ""
[0.563s] -- Installing: /home/karol/Desktop/Droniada/martian_mines_ros2/install/ros_gz_example_description/share/ros_gz_example_description/models
[0.564s] -- Installing: /home/karol/Desktop/Droniada/martian_mines_ros2/install/ros_gz_example_description/share/ros_gz_example_description/models/rrbot
[0.564s] -- Installing: /home/karol/Desktop/Droniada/martian_mines_ros2/install/ros_gz_example_description/share/ros_gz_example_description/models/rrbot/model.sdf
[0.564s] -- Installing: /home/karol/Desktop/Droniada/martian_mines_ros2/install/ros_gz_example_description/share/ros_gz_example_description/models/diff_drive
[0.564s] -- Installing: /home/karol/Desktop/Droniada/martian_mines_ros2/install/ros_gz_example_description/share/ros_gz_example_description/models/diff_drive/model.sdf
[0.564s] -- Installing: /home/karol/Desktop/Droniada/martian_mines_ros2/install/ros_gz_example_description/share/ros_gz_example_description/models/diff_drive/model.config
[0.564s] -- Installing: /home/karol/Desktop/Droniada/martian_mines_ros2/install/ros_gz_example_description/share/ros_gz_example_description/environment/ros_gz_example_description.dsv
[0.564s] -- Installing: /home/karol/Desktop/Droniada/martian_mines_ros2/install/ros_gz_example_description/share/ros_gz_example_description/environment/ros_gz_example_description.sh
[0.565s] -- Installing: /home/karol/Desktop/Droniada/martian_mines_ros2/install/ros_gz_example_description/share/ament_index/resource_index/package_run_dependencies/ros_gz_example_description
[0.565s] -- Installing: /home/karol/Desktop/Droniada/martian_mines_ros2/install/ros_gz_example_description/share/ament_index/resource_index/parent_prefix_path/ros_gz_example_description
[0.565s] -- Installing: /home/karol/Desktop/Droniada/martian_mines_ros2/install/ros_gz_example_description/share/ros_gz_example_description/environment/ament_prefix_path.sh
[0.565s] -- Installing: /home/karol/Desktop/Droniada/martian_mines_ros2/install/ros_gz_example_description/share/ros_gz_example_description/environment/ament_prefix_path.dsv
[0.565s] -- Installing: /home/karol/Desktop/Droniada/martian_mines_ros2/install/ros_gz_example_description/share/ros_gz_example_description/environment/path.sh
[0.565s] -- Installing: /home/karol/Desktop/Droniada/martian_mines_ros2/install/ros_gz_example_description/share/ros_gz_example_description/environment/path.dsv
[0.565s] -- Installing: /home/karol/Desktop/Droniada/martian_mines_ros2/install/ros_gz_example_description/share/ros_gz_example_description/local_setup.bash
[0.565s] -- Installing: /home/karol/Desktop/Droniada/martian_mines_ros2/install/ros_gz_example_description/share/ros_gz_example_description/local_setup.sh
[0.566s] -- Installing: /home/karol/Desktop/Droniada/martian_mines_ros2/install/ros_gz_example_description/share/ros_gz_example_description/local_setup.zsh
[0.566s] -- Installing: /home/karol/Desktop/Droniada/martian_mines_ros2/install/ros_gz_example_description/share/ros_gz_example_description/local_setup.dsv
[0.566s] -- Installing: /home/karol/Desktop/Droniada/martian_mines_ros2/install/ros_gz_example_description/share/ros_gz_example_description/package.dsv
[0.566s] -- Installing: /home/karol/Desktop/Droniada/martian_mines_ros2/install/ros_gz_example_description/share/ament_index/resource_index/packages/ros_gz_example_description
[0.566s] -- Installing: /home/karol/Desktop/Droniada/martian_mines_ros2/install/ros_gz_example_description/share/ros_gz_example_description/cmake/ros_gz_example_descriptionConfig.cmake
[0.566s] -- Installing: /home/karol/Desktop/Droniada/martian_mines_ros2/install/ros_gz_example_description/share/ros_gz_example_description/cmake/ros_gz_example_descriptionConfig-version.cmake
[0.566s] -- Installing: /home/karol/Desktop/Droniada/martian_mines_ros2/install/ros_gz_example_description/share/ros_gz_example_description/package.xml
[0.578s] Invoked command in '/home/karol/Desktop/Droniada/martian_mines_ros2/build/ros_gz_example_description' returned '0': CMAKE_PREFIX_PATH=/opt/ros/humble /usr/bin/cmake --install /home/karol/Desktop/Droniada/martian_mines_ros2/build/ros_gz_example_description
