[0.072s] DEBUG:colcon:Command line arguments: ['/usr/bin/colcon', 'build', '--cmake-args', '-DBUILD_TESTING=ON']
[0.072s] DEBUG:colcon:Parsed command line arguments: Namespace(log_base=None, log_level=None, verb_name='build', build_base='build', install_base='install', merge_install=False, symlink_install=False, test_result_base=None, continue_on_error=False, executor='parallel', parallel_workers=12, event_handlers=None, ignore_user_meta=False, metas=['./colcon.meta'], base_paths=['.'], packages_ignore=None, packages_ignore_regex=None, paths=None, packages_up_to=None, packages_up_to_regex=None, packages_above=None, packages_above_and_dependencies=None, packages_above_depth=None, packages_select_by_dep=None, packages_skip_by_dep=None, packages_skip_up_to=None, packages_select_build_failed=False, packages_skip_build_finished=False, packages_select_test_failures=False, packages_skip_test_passed=False, packages_select=None, packages_skip=None, packages_select_regex=None, packages_skip_regex=None, packages_start=None, packages_end=None, allow_overriding=[], cmake_args=['-DBUILD_TESTING=ON'], cmake_target=None, cmake_target_skip_unavailable=False, cmake_clean_cache=False, cmake_clean_first=False, cmake_force_configure=False, ament_cmake_args=None, catkin_cmake_args=None, catkin_skip_building_tests=False, verb_parser=<colcon_defaults.argument_parser.defaults.DefaultArgumentsDecorator object at 0x70c1a5d2fc10>, verb_extension=<colcon_core.verb.build.BuildVerb object at 0x70c1a5d2f670>, main=<bound method BuildVerb.main of <colcon_core.verb.build.BuildVerb object at 0x70c1a5d2f670>>)
[0.193s] Level 1:colcon.colcon_core.package_discovery:discover_packages(colcon_meta) check parameters
[0.193s] Level 1:colcon.colcon_core.package_discovery:discover_packages(recursive) check parameters
[0.193s] Level 1:colcon.colcon_core.package_discovery:discover_packages(ignore) check parameters
[0.193s] Level 1:colcon.colcon_core.package_discovery:discover_packages(path) check parameters
[0.193s] Level 1:colcon.colcon_core.package_discovery:discover_packages(colcon_meta) discover
[0.193s] Level 1:colcon.colcon_core.package_discovery:discover_packages(recursive) discover
[0.193s] INFO:colcon.colcon_core.package_discovery:Crawling recursively for packages in '/home/karol/Desktop/Droniada/martian_mines_ros2'
[0.193s] Level 1:colcon.colcon_core.package_identification:_identify(.) by extensions ['ignore', 'ignore_ament_install']
[0.193s] Level 1:colcon.colcon_core.package_identification:_identify(.) by extension 'ignore'
[0.193s] Level 1:colcon.colcon_core.package_identification:_identify(.) by extension 'ignore_ament_install'
[0.193s] Level 1:colcon.colcon_core.package_identification:_identify(.) by extensions ['colcon_pkg']
[0.193s] Level 1:colcon.colcon_core.package_identification:_identify(.) by extension 'colcon_pkg'
[0.193s] Level 1:colcon.colcon_core.package_identification:_identify(.) by extensions ['colcon_meta']
[0.193s] Level 1:colcon.colcon_core.package_identification:_identify(.) by extension 'colcon_meta'
[0.193s] Level 1:colcon.colcon_core.package_identification:_identify(.) by extensions ['ros']
[0.193s] Level 1:colcon.colcon_core.package_identification:_identify(.) by extension 'ros'
[0.201s] Level 1:colcon.colcon_core.package_identification:_identify(.) by extensions ['cmake', 'python']
[0.201s] Level 1:colcon.colcon_core.package_identification:_identify(.) by extension 'cmake'
[0.201s] Level 1:colcon.colcon_core.package_identification:_identify(.) by extension 'python'
[0.201s] Level 1:colcon.colcon_core.package_identification:_identify(.) by extensions ['python_setup_py']
[0.201s] Level 1:colcon.colcon_core.package_identification:_identify(.) by extension 'python_setup_py'
[0.201s] Level 1:colcon.colcon_core.package_identification:_identify(build) by extensions ['ignore', 'ignore_ament_install']
[0.201s] Level 1:colcon.colcon_core.package_identification:_identify(build) by extension 'ignore'
[0.201s] Level 1:colcon.colcon_core.package_identification:_identify(build) ignored
[0.202s] Level 1:colcon.colcon_core.package_identification:_identify(install) by extensions ['ignore', 'ignore_ament_install']
[0.202s] Level 1:colcon.colcon_core.package_identification:_identify(install) by extension 'ignore'
[0.202s] Level 1:colcon.colcon_core.package_identification:_identify(install) ignored
[0.202s] Level 1:colcon.colcon_core.package_identification:_identify(log) by extensions ['ignore', 'ignore_ament_install']
[0.202s] Level 1:colcon.colcon_core.package_identification:_identify(log) by extension 'ignore'
[0.202s] Level 1:colcon.colcon_core.package_identification:_identify(log) ignored
[0.202s] Level 1:colcon.colcon_core.package_identification:_identify(ros_gz_project_template-main) by extensions ['ignore', 'ignore_ament_install']
[0.202s] Level 1:colcon.colcon_core.package_identification:_identify(ros_gz_project_template-main) by extension 'ignore'
[0.202s] Level 1:colcon.colcon_core.package_identification:_identify(ros_gz_project_template-main) by extension 'ignore_ament_install'
[0.202s] Level 1:colcon.colcon_core.package_identification:_identify(ros_gz_project_template-main) by extensions ['colcon_pkg']
[0.202s] Level 1:colcon.colcon_core.package_identification:_identify(ros_gz_project_template-main) by extension 'colcon_pkg'
[0.202s] Level 1:colcon.colcon_core.package_identification:_identify(ros_gz_project_template-main) by extensions ['colcon_meta']
[0.202s] Level 1:colcon.colcon_core.package_identification:_identify(ros_gz_project_template-main) by extension 'colcon_meta'
[0.202s] Level 1:colcon.colcon_core.package_identification:_identify(ros_gz_project_template-main) by extensions ['ros']
[0.202s] Level 1:colcon.colcon_core.package_identification:_identify(ros_gz_project_template-main) by extension 'ros'
[0.202s] Level 1:colcon.colcon_core.package_identification:_identify(ros_gz_project_template-main) by extensions ['cmake', 'python']
[0.202s] Level 1:colcon.colcon_core.package_identification:_identify(ros_gz_project_template-main) by extension 'cmake'
[0.202s] Level 1:colcon.colcon_core.package_identification:_identify(ros_gz_project_template-main) by extension 'python'
[0.202s] Level 1:colcon.colcon_core.package_identification:_identify(ros_gz_project_template-main) by extensions ['python_setup_py']
[0.202s] Level 1:colcon.colcon_core.package_identification:_identify(ros_gz_project_template-main) by extension 'python_setup_py'
[0.202s] Level 1:colcon.colcon_core.package_identification:_identify(ros_gz_project_template-main/ros_gz_example_application) by extensions ['ignore', 'ignore_ament_install']
[0.202s] Level 1:colcon.colcon_core.package_identification:_identify(ros_gz_project_template-main/ros_gz_example_application) by extension 'ignore'
[0.202s] Level 1:colcon.colcon_core.package_identification:_identify(ros_gz_project_template-main/ros_gz_example_application) by extension 'ignore_ament_install'
[0.202s] Level 1:colcon.colcon_core.package_identification:_identify(ros_gz_project_template-main/ros_gz_example_application) by extensions ['colcon_pkg']
[0.202s] Level 1:colcon.colcon_core.package_identification:_identify(ros_gz_project_template-main/ros_gz_example_application) by extension 'colcon_pkg'
[0.202s] Level 1:colcon.colcon_core.package_identification:_identify(ros_gz_project_template-main/ros_gz_example_application) by extensions ['colcon_meta']
[0.202s] Level 1:colcon.colcon_core.package_identification:_identify(ros_gz_project_template-main/ros_gz_example_application) by extension 'colcon_meta'
[0.203s] Level 1:colcon.colcon_core.package_identification:_identify(ros_gz_project_template-main/ros_gz_example_application) by extensions ['ros']
[0.203s] Level 1:colcon.colcon_core.package_identification:_identify(ros_gz_project_template-main/ros_gz_example_application) by extension 'ros'
[0.204s] DEBUG:colcon.colcon_core.package_identification:Package 'ros_gz_project_template-main/ros_gz_example_application' with type 'ros.ament_cmake' and name 'ros_gz_example_application'
[0.204s] Level 1:colcon.colcon_core.package_identification:_identify(ros_gz_project_template-main/ros_gz_example_bringup) by extensions ['ignore', 'ignore_ament_install']
[0.204s] Level 1:colcon.colcon_core.package_identification:_identify(ros_gz_project_template-main/ros_gz_example_bringup) by extension 'ignore'
[0.204s] Level 1:colcon.colcon_core.package_identification:_identify(ros_gz_project_template-main/ros_gz_example_bringup) by extension 'ignore_ament_install'
[0.204s] Level 1:colcon.colcon_core.package_identification:_identify(ros_gz_project_template-main/ros_gz_example_bringup) by extensions ['colcon_pkg']
[0.204s] Level 1:colcon.colcon_core.package_identification:_identify(ros_gz_project_template-main/ros_gz_example_bringup) by extension 'colcon_pkg'
[0.204s] Level 1:colcon.colcon_core.package_identification:_identify(ros_gz_project_template-main/ros_gz_example_bringup) by extensions ['colcon_meta']
[0.204s] Level 1:colcon.colcon_core.package_identification:_identify(ros_gz_project_template-main/ros_gz_example_bringup) by extension 'colcon_meta'
[0.204s] Level 1:colcon.colcon_core.package_identification:_identify(ros_gz_project_template-main/ros_gz_example_bringup) by extensions ['ros']
[0.204s] Level 1:colcon.colcon_core.package_identification:_identify(ros_gz_project_template-main/ros_gz_example_bringup) by extension 'ros'
[0.205s] DEBUG:colcon.colcon_core.package_identification:Package 'ros_gz_project_template-main/ros_gz_example_bringup' with type 'ros.ament_cmake' and name 'ros_gz_example_bringup'
[0.205s] Level 1:colcon.colcon_core.package_identification:_identify(ros_gz_project_template-main/ros_gz_example_description) by extensions ['ignore', 'ignore_ament_install']
[0.205s] Level 1:colcon.colcon_core.package_identification:_identify(ros_gz_project_template-main/ros_gz_example_description) by extension 'ignore'
[0.205s] Level 1:colcon.colcon_core.package_identification:_identify(ros_gz_project_template-main/ros_gz_example_description) by extension 'ignore_ament_install'
[0.205s] Level 1:colcon.colcon_core.package_identification:_identify(ros_gz_project_template-main/ros_gz_example_description) by extensions ['colcon_pkg']
[0.205s] Level 1:colcon.colcon_core.package_identification:_identify(ros_gz_project_template-main/ros_gz_example_description) by extension 'colcon_pkg'
[0.205s] Level 1:colcon.colcon_core.package_identification:_identify(ros_gz_project_template-main/ros_gz_example_description) by extensions ['colcon_meta']
[0.205s] Level 1:colcon.colcon_core.package_identification:_identify(ros_gz_project_template-main/ros_gz_example_description) by extension 'colcon_meta'
[0.205s] Level 1:colcon.colcon_core.package_identification:_identify(ros_gz_project_template-main/ros_gz_example_description) by extensions ['ros']
[0.205s] Level 1:colcon.colcon_core.package_identification:_identify(ros_gz_project_template-main/ros_gz_example_description) by extension 'ros'
[0.206s] DEBUG:colcon.colcon_core.package_identification:Package 'ros_gz_project_template-main/ros_gz_example_description' with type 'ros.ament_cmake' and name 'ros_gz_example_description'
[0.206s] Level 1:colcon.colcon_core.package_identification:_identify(ros_gz_project_template-main/ros_gz_example_gazebo) by extensions ['ignore', 'ignore_ament_install']
[0.206s] Level 1:colcon.colcon_core.package_identification:_identify(ros_gz_project_template-main/ros_gz_example_gazebo) by extension 'ignore'
[0.206s] Level 1:colcon.colcon_core.package_identification:_identify(ros_gz_project_template-main/ros_gz_example_gazebo) by extension 'ignore_ament_install'
[0.206s] Level 1:colcon.colcon_core.package_identification:_identify(ros_gz_project_template-main/ros_gz_example_gazebo) by extensions ['colcon_pkg']
[0.206s] Level 1:colcon.colcon_core.package_identification:_identify(ros_gz_project_template-main/ros_gz_example_gazebo) by extension 'colcon_pkg'
[0.206s] Level 1:colcon.colcon_core.package_identification:_identify(ros_gz_project_template-main/ros_gz_example_gazebo) by extensions ['colcon_meta']
[0.206s] Level 1:colcon.colcon_core.package_identification:_identify(ros_gz_project_template-main/ros_gz_example_gazebo) by extension 'colcon_meta'
[0.206s] Level 1:colcon.colcon_core.package_identification:_identify(ros_gz_project_template-main/ros_gz_example_gazebo) by extensions ['ros']
[0.206s] Level 1:colcon.colcon_core.package_identification:_identify(ros_gz_project_template-main/ros_gz_example_gazebo) by extension 'ros'
[0.206s] DEBUG:colcon.colcon_core.package_identification:Package 'ros_gz_project_template-main/ros_gz_example_gazebo' with type 'ros.ament_cmake' and name 'ros_gz_example_gazebo'
[0.206s] Level 1:colcon.colcon_core.package_discovery:discover_packages(recursive) using defaults
[0.206s] Level 1:colcon.colcon_core.package_discovery:discover_packages(ignore) discover
[0.206s] Level 1:colcon.colcon_core.package_discovery:discover_packages(ignore) using defaults
[0.206s] Level 1:colcon.colcon_core.package_discovery:discover_packages(path) discover
[0.206s] Level 1:colcon.colcon_core.package_discovery:discover_packages(path) using defaults
[0.227s] Level 1:colcon.colcon_core.package_discovery:discover_packages(prefix_path) check parameters
[0.227s] Level 1:colcon.colcon_core.package_discovery:discover_packages(prefix_path) discover
[0.228s] DEBUG:colcon.colcon_installed_package_information.package_discovery:Found 287 installed packages in /opt/ros/humble
[0.229s] Level 1:colcon.colcon_core.package_discovery:discover_packages(prefix_path) using defaults
[0.257s] Level 5:colcon.colcon_core.verb:set package 'ros_gz_example_application' build argument 'cmake_args' from command line to '['-DBUILD_TESTING=ON']'
[0.257s] Level 5:colcon.colcon_core.verb:set package 'ros_gz_example_application' build argument 'cmake_target' from command line to 'None'
[0.257s] Level 5:colcon.colcon_core.verb:set package 'ros_gz_example_application' build argument 'cmake_target_skip_unavailable' from command line to 'False'
[0.257s] Level 5:colcon.colcon_core.verb:set package 'ros_gz_example_application' build argument 'cmake_clean_cache' from command line to 'False'
[0.257s] Level 5:colcon.colcon_core.verb:set package 'ros_gz_example_application' build argument 'cmake_clean_first' from command line to 'False'
[0.257s] Level 5:colcon.colcon_core.verb:set package 'ros_gz_example_application' build argument 'cmake_force_configure' from command line to 'False'
[0.257s] Level 5:colcon.colcon_core.verb:set package 'ros_gz_example_application' build argument 'ament_cmake_args' from command line to 'None'
[0.257s] Level 5:colcon.colcon_core.verb:set package 'ros_gz_example_application' build argument 'catkin_cmake_args' from command line to 'None'
[0.257s] Level 5:colcon.colcon_core.verb:set package 'ros_gz_example_application' build argument 'catkin_skip_building_tests' from command line to 'False'
[0.257s] DEBUG:colcon.colcon_core.verb:Building package 'ros_gz_example_application' with the following arguments: {'ament_cmake_args': None, 'build_base': '/home/karol/Desktop/Droniada/martian_mines_ros2/build/ros_gz_example_application', 'catkin_cmake_args': None, 'catkin_skip_building_tests': False, 'cmake_args': ['-DBUILD_TESTING=ON'], 'cmake_clean_cache': False, 'cmake_clean_first': False, 'cmake_force_configure': False, 'cmake_target': None, 'cmake_target_skip_unavailable': False, 'install_base': '/home/karol/Desktop/Droniada/martian_mines_ros2/install/ros_gz_example_application', 'merge_install': False, 'path': '/home/karol/Desktop/Droniada/martian_mines_ros2/ros_gz_project_template-main/ros_gz_example_application', 'symlink_install': False, 'test_result_base': None}
[0.257s] Level 5:colcon.colcon_core.verb:set package 'ros_gz_example_description' build argument 'cmake_args' from command line to '['-DBUILD_TESTING=ON']'
[0.257s] Level 5:colcon.colcon_core.verb:set package 'ros_gz_example_description' build argument 'cmake_target' from command line to 'None'
[0.257s] Level 5:colcon.colcon_core.verb:set package 'ros_gz_example_description' build argument 'cmake_target_skip_unavailable' from command line to 'False'
[0.257s] Level 5:colcon.colcon_core.verb:set package 'ros_gz_example_description' build argument 'cmake_clean_cache' from command line to 'False'
[0.257s] Level 5:colcon.colcon_core.verb:set package 'ros_gz_example_description' build argument 'cmake_clean_first' from command line to 'False'
[0.257s] Level 5:colcon.colcon_core.verb:set package 'ros_gz_example_description' build argument 'cmake_force_configure' from command line to 'False'
[0.257s] Level 5:colcon.colcon_core.verb:set package 'ros_gz_example_description' build argument 'ament_cmake_args' from command line to 'None'
[0.257s] Level 5:colcon.colcon_core.verb:set package 'ros_gz_example_description' build argument 'catkin_cmake_args' from command line to 'None'
[0.257s] Level 5:colcon.colcon_core.verb:set package 'ros_gz_example_description' build argument 'catkin_skip_building_tests' from command line to 'False'
[0.257s] DEBUG:colcon.colcon_core.verb:Building package 'ros_gz_example_description' with the following arguments: {'ament_cmake_args': None, 'build_base': '/home/karol/Desktop/Droniada/martian_mines_ros2/build/ros_gz_example_description', 'catkin_cmake_args': None, 'catkin_skip_building_tests': False, 'cmake_args': ['-DBUILD_TESTING=ON'], 'cmake_clean_cache': False, 'cmake_clean_first': False, 'cmake_force_configure': False, 'cmake_target': None, 'cmake_target_skip_unavailable': False, 'install_base': '/home/karol/Desktop/Droniada/martian_mines_ros2/install/ros_gz_example_description', 'merge_install': False, 'path': '/home/karol/Desktop/Droniada/martian_mines_ros2/ros_gz_project_template-main/ros_gz_example_description', 'symlink_install': False, 'test_result_base': None}
[0.257s] Level 5:colcon.colcon_core.verb:set package 'ros_gz_example_gazebo' build argument 'cmake_args' from command line to '['-DBUILD_TESTING=ON']'
[0.257s] Level 5:colcon.colcon_core.verb:set package 'ros_gz_example_gazebo' build argument 'cmake_target' from command line to 'None'
[0.257s] Level 5:colcon.colcon_core.verb:set package 'ros_gz_example_gazebo' build argument 'cmake_target_skip_unavailable' from command line to 'False'
[0.258s] Level 5:colcon.colcon_core.verb:set package 'ros_gz_example_gazebo' build argument 'cmake_clean_cache' from command line to 'False'
[0.258s] Level 5:colcon.colcon_core.verb:set package 'ros_gz_example_gazebo' build argument 'cmake_clean_first' from command line to 'False'
[0.258s] Level 5:colcon.colcon_core.verb:set package 'ros_gz_example_gazebo' build argument 'cmake_force_configure' from command line to 'False'
[0.258s] Level 5:colcon.colcon_core.verb:set package 'ros_gz_example_gazebo' build argument 'ament_cmake_args' from command line to 'None'
[0.258s] Level 5:colcon.colcon_core.verb:set package 'ros_gz_example_gazebo' build argument 'catkin_cmake_args' from command line to 'None'
[0.258s] Level 5:colcon.colcon_core.verb:set package 'ros_gz_example_gazebo' build argument 'catkin_skip_building_tests' from command line to 'False'
[0.258s] DEBUG:colcon.colcon_core.verb:Building package 'ros_gz_example_gazebo' with the following arguments: {'ament_cmake_args': None, 'build_base': '/home/karol/Desktop/Droniada/martian_mines_ros2/build/ros_gz_example_gazebo', 'catkin_cmake_args': None, 'catkin_skip_building_tests': False, 'cmake_args': ['-DBUILD_TESTING=ON'], 'cmake_clean_cache': False, 'cmake_clean_first': False, 'cmake_force_configure': False, 'cmake_target': None, 'cmake_target_skip_unavailable': False, 'install_base': '/home/karol/Desktop/Droniada/martian_mines_ros2/install/ros_gz_example_gazebo', 'merge_install': False, 'path': '/home/karol/Desktop/Droniada/martian_mines_ros2/ros_gz_project_template-main/ros_gz_example_gazebo', 'symlink_install': False, 'test_result_base': None}
[0.258s] Level 5:colcon.colcon_core.verb:set package 'ros_gz_example_bringup' build argument 'cmake_args' from command line to '['-DBUILD_TESTING=ON']'
[0.258s] Level 5:colcon.colcon_core.verb:set package 'ros_gz_example_bringup' build argument 'cmake_target' from command line to 'None'
[0.258s] Level 5:colcon.colcon_core.verb:set package 'ros_gz_example_bringup' build argument 'cmake_target_skip_unavailable' from command line to 'False'
[0.258s] Level 5:colcon.colcon_core.verb:set package 'ros_gz_example_bringup' build argument 'cmake_clean_cache' from command line to 'False'
[0.258s] Level 5:colcon.colcon_core.verb:set package 'ros_gz_example_bringup' build argument 'cmake_clean_first' from command line to 'False'
[0.258s] Level 5:colcon.colcon_core.verb:set package 'ros_gz_example_bringup' build argument 'cmake_force_configure' from command line to 'False'
[0.258s] Level 5:colcon.colcon_core.verb:set package 'ros_gz_example_bringup' build argument 'ament_cmake_args' from command line to 'None'
[0.258s] Level 5:colcon.colcon_core.verb:set package 'ros_gz_example_bringup' build argument 'catkin_cmake_args' from command line to 'None'
[0.258s] Level 5:colcon.colcon_core.verb:set package 'ros_gz_example_bringup' build argument 'catkin_skip_building_tests' from command line to 'False'
[0.258s] DEBUG:colcon.colcon_core.verb:Building package 'ros_gz_example_bringup' with the following arguments: {'ament_cmake_args': None, 'build_base': '/home/karol/Desktop/Droniada/martian_mines_ros2/build/ros_gz_example_bringup', 'catkin_cmake_args': None, 'catkin_skip_building_tests': False, 'cmake_args': ['-DBUILD_TESTING=ON'], 'cmake_clean_cache': False, 'cmake_clean_first': False, 'cmake_force_configure': False, 'cmake_target': None, 'cmake_target_skip_unavailable': False, 'install_base': '/home/karol/Desktop/Droniada/martian_mines_ros2/install/ros_gz_example_bringup', 'merge_install': False, 'path': '/home/karol/Desktop/Droniada/martian_mines_ros2/ros_gz_project_template-main/ros_gz_example_bringup', 'symlink_install': False, 'test_result_base': None}
[0.258s] INFO:colcon.colcon_core.executor:Executing jobs using 'parallel' executor
[0.259s] DEBUG:colcon.colcon_parallel_executor.executor.parallel:run_until_complete
[0.259s] INFO:colcon.colcon_ros.task.ament_cmake.build:Building ROS package in '/home/karol/Desktop/Droniada/martian_mines_ros2/ros_gz_project_template-main/ros_gz_example_description' with build type 'ament_cmake'
[0.259s] INFO:colcon.colcon_cmake.task.cmake.build:Building CMake package in '/home/karol/Desktop/Droniada/martian_mines_ros2/ros_gz_project_template-main/ros_gz_example_description'
[0.261s] INFO:colcon.colcon_core.plugin_system:Skipping extension 'colcon_core.shell.bat': Not used on non-Windows systems
[0.261s] INFO:colcon.colcon_core.shell:Skip shell extension 'powershell' for command environment: Not usable outside of PowerShell
[0.261s] DEBUG:colcon.colcon_core.shell:Skip shell extension 'dsv' for command environment
[0.263s] INFO:colcon.colcon_ros.task.ament_cmake.build:Building ROS package in '/home/karol/Desktop/Droniada/martian_mines_ros2/ros_gz_project_template-main/ros_gz_example_application' with build type 'ament_cmake'
[0.263s] INFO:colcon.colcon_cmake.task.cmake.build:Building CMake package in '/home/karol/Desktop/Droniada/martian_mines_ros2/ros_gz_project_template-main/ros_gz_example_application'
[0.263s] INFO:colcon.colcon_core.shell:Skip shell extension 'powershell' for command environment: Not usable outside of PowerShell
[0.263s] DEBUG:colcon.colcon_core.shell:Skip shell extension 'dsv' for command environment
[0.269s] DEBUG:colcon.colcon_core.event_handler.log_command:Invoking command in '/home/karol/Desktop/Droniada/martian_mines_ros2/build/ros_gz_example_description': CMAKE_PREFIX_PATH=/opt/ros/humble /usr/bin/cmake --build /home/karol/Desktop/Droniada/martian_mines_ros2/build/ros_gz_example_description -- -j12 -l12
[0.272s] DEBUG:colcon.colcon_core.event_handler.log_command:Invoking command in '/home/karol/Desktop/Droniada/martian_mines_ros2/build/ros_gz_example_application': CMAKE_PREFIX_PATH=/opt/ros/humble /usr/bin/cmake --build /home/karol/Desktop/Droniada/martian_mines_ros2/build/ros_gz_example_application -- -j12 -l12
[0.301s] DEBUG:colcon.colcon_core.event_handler.log_command:Invoked command in '/home/karol/Desktop/Droniada/martian_mines_ros2/build/ros_gz_example_description' returned '0': CMAKE_PREFIX_PATH=/opt/ros/humble /usr/bin/cmake --build /home/karol/Desktop/Droniada/martian_mines_ros2/build/ros_gz_example_description -- -j12 -l12
[0.309s] DEBUG:colcon.colcon_core.event_handler.log_command:Invoking command in '/home/karol/Desktop/Droniada/martian_mines_ros2/build/ros_gz_example_description': CMAKE_PREFIX_PATH=/opt/ros/humble /usr/bin/cmake --install /home/karol/Desktop/Droniada/martian_mines_ros2/build/ros_gz_example_description
[0.310s] DEBUG:colcon.colcon_core.event_handler.log_command:Invoked command in '/home/karol/Desktop/Droniada/martian_mines_ros2/build/ros_gz_example_application' returned '0': CMAKE_PREFIX_PATH=/opt/ros/humble /usr/bin/cmake --build /home/karol/Desktop/Droniada/martian_mines_ros2/build/ros_gz_example_application -- -j12 -l12
[0.311s] DEBUG:colcon.colcon_core.event_handler.log_command:Invoking command in '/home/karol/Desktop/Droniada/martian_mines_ros2/build/ros_gz_example_application': CMAKE_PREFIX_PATH=/opt/ros/humble /usr/bin/cmake --install /home/karol/Desktop/Droniada/martian_mines_ros2/build/ros_gz_example_application
[0.318s] Level 1:colcon.colcon_core.environment:create_environment_scripts_only(ros_gz_example_description)
[0.319s] DEBUG:colcon.colcon_core.event_handler.log_command:Invoked command in '/home/karol/Desktop/Droniada/martian_mines_ros2/build/ros_gz_example_description' returned '0': CMAKE_PREFIX_PATH=/opt/ros/humble /usr/bin/cmake --install /home/karol/Desktop/Droniada/martian_mines_ros2/build/ros_gz_example_description
[0.320s] Level 1:colcon.colcon_core.environment:checking '/home/karol/Desktop/Droniada/martian_mines_ros2/install/ros_gz_example_description' for CMake module files
[0.320s] Level 1:colcon.colcon_core.environment:checking '/home/karol/Desktop/Droniada/martian_mines_ros2/install/ros_gz_example_description' for CMake config files
[0.321s] Level 1:colcon.colcon_core.shell:create_environment_hook('ros_gz_example_description', 'cmake_prefix_path')
[0.321s] INFO:colcon.colcon_core.shell:Creating environment hook '/home/karol/Desktop/Droniada/martian_mines_ros2/install/ros_gz_example_description/share/ros_gz_example_description/hook/cmake_prefix_path.ps1'
[0.321s] INFO:colcon.colcon_core.shell:Creating environment descriptor '/home/karol/Desktop/Droniada/martian_mines_ros2/install/ros_gz_example_description/share/ros_gz_example_description/hook/cmake_prefix_path.dsv'
[0.321s] INFO:colcon.colcon_core.shell:Creating environment hook '/home/karol/Desktop/Droniada/martian_mines_ros2/install/ros_gz_example_description/share/ros_gz_example_description/hook/cmake_prefix_path.sh'
[0.322s] Level 1:colcon.colcon_core.environment:checking '/home/karol/Desktop/Droniada/martian_mines_ros2/install/ros_gz_example_description/bin'
[0.322s] Level 1:colcon.colcon_core.environment:checking '/home/karol/Desktop/Droniada/martian_mines_ros2/install/ros_gz_example_description/lib/pkgconfig/ros_gz_example_description.pc'
[0.322s] Level 1:colcon.colcon_core.environment:checking '/home/karol/Desktop/Droniada/martian_mines_ros2/install/ros_gz_example_description/lib/python3.10/site-packages'
[0.322s] Level 1:colcon.colcon_core.environment:checking '/home/karol/Desktop/Droniada/martian_mines_ros2/install/ros_gz_example_description/bin'
[0.322s] INFO:colcon.colcon_core.shell:Creating package script '/home/karol/Desktop/Droniada/martian_mines_ros2/install/ros_gz_example_description/share/ros_gz_example_description/package.ps1'
[0.323s] INFO:colcon.colcon_core.shell:Creating package descriptor '/home/karol/Desktop/Droniada/martian_mines_ros2/install/ros_gz_example_description/share/ros_gz_example_description/package.dsv'
[0.323s] INFO:colcon.colcon_core.shell:Creating package script '/home/karol/Desktop/Droniada/martian_mines_ros2/install/ros_gz_example_description/share/ros_gz_example_description/package.sh'
[0.324s] INFO:colcon.colcon_core.shell:Creating package script '/home/karol/Desktop/Droniada/martian_mines_ros2/install/ros_gz_example_description/share/ros_gz_example_description/package.bash'
[0.324s] INFO:colcon.colcon_core.shell:Creating package script '/home/karol/Desktop/Droniada/martian_mines_ros2/install/ros_gz_example_description/share/ros_gz_example_description/package.zsh'
[0.325s] Level 1:colcon.colcon_core.environment:create_file_with_runtime_dependencies(/home/karol/Desktop/Droniada/martian_mines_ros2/install/ros_gz_example_description/share/colcon-core/packages/ros_gz_example_description)
[0.325s] Level 1:colcon.colcon_core.environment:create_environment_scripts_only(ros_gz_example_description)
[0.325s] Level 1:colcon.colcon_core.environment:checking '/home/karol/Desktop/Droniada/martian_mines_ros2/install/ros_gz_example_description' for CMake module files
[0.326s] Level 1:colcon.colcon_core.environment:checking '/home/karol/Desktop/Droniada/martian_mines_ros2/install/ros_gz_example_description' for CMake config files
[0.326s] Level 1:colcon.colcon_core.shell:create_environment_hook('ros_gz_example_description', 'cmake_prefix_path')
[0.326s] INFO:colcon.colcon_core.shell:Creating environment hook '/home/karol/Desktop/Droniada/martian_mines_ros2/install/ros_gz_example_description/share/ros_gz_example_description/hook/cmake_prefix_path.ps1'
[0.326s] INFO:colcon.colcon_core.shell:Creating environment descriptor '/home/karol/Desktop/Droniada/martian_mines_ros2/install/ros_gz_example_description/share/ros_gz_example_description/hook/cmake_prefix_path.dsv'
[0.327s] INFO:colcon.colcon_core.shell:Creating environment hook '/home/karol/Desktop/Droniada/martian_mines_ros2/install/ros_gz_example_description/share/ros_gz_example_description/hook/cmake_prefix_path.sh'
[0.327s] Level 1:colcon.colcon_core.environment:checking '/home/karol/Desktop/Droniada/martian_mines_ros2/install/ros_gz_example_description/bin'
[0.327s] Level 1:colcon.colcon_core.environment:checking '/home/karol/Desktop/Droniada/martian_mines_ros2/install/ros_gz_example_description/lib/pkgconfig/ros_gz_example_description.pc'
[0.327s] Level 1:colcon.colcon_core.environment:checking '/home/karol/Desktop/Droniada/martian_mines_ros2/install/ros_gz_example_description/lib/python3.10/site-packages'
[0.327s] Level 1:colcon.colcon_core.environment:checking '/home/karol/Desktop/Droniada/martian_mines_ros2/install/ros_gz_example_description/bin'
[0.327s] INFO:colcon.colcon_core.shell:Creating package script '/home/karol/Desktop/Droniada/martian_mines_ros2/install/ros_gz_example_description/share/ros_gz_example_description/package.ps1'
[0.328s] INFO:colcon.colcon_core.shell:Creating package descriptor '/home/karol/Desktop/Droniada/martian_mines_ros2/install/ros_gz_example_description/share/ros_gz_example_description/package.dsv'
[0.328s] INFO:colcon.colcon_core.shell:Creating package script '/home/karol/Desktop/Droniada/martian_mines_ros2/install/ros_gz_example_description/share/ros_gz_example_description/package.sh'
[0.328s] INFO:colcon.colcon_core.shell:Creating package script '/home/karol/Desktop/Droniada/martian_mines_ros2/install/ros_gz_example_description/share/ros_gz_example_description/package.bash'
[0.329s] INFO:colcon.colcon_core.shell:Creating package script '/home/karol/Desktop/Droniada/martian_mines_ros2/install/ros_gz_example_description/share/ros_gz_example_description/package.zsh'
[0.329s] Level 1:colcon.colcon_core.environment:create_file_with_runtime_dependencies(/home/karol/Desktop/Droniada/martian_mines_ros2/install/ros_gz_example_description/share/colcon-core/packages/ros_gz_example_description)
[0.329s] INFO:colcon.colcon_ros.task.ament_cmake.build:Building ROS package in '/home/karol/Desktop/Droniada/martian_mines_ros2/ros_gz_project_template-main/ros_gz_example_gazebo' with build type 'ament_cmake'
[0.329s] INFO:colcon.colcon_cmake.task.cmake.build:Building CMake package in '/home/karol/Desktop/Droniada/martian_mines_ros2/ros_gz_project_template-main/ros_gz_example_gazebo'
[0.329s] INFO:colcon.colcon_core.shell:Skip shell extension 'powershell' for command environment: Not usable outside of PowerShell
[0.329s] DEBUG:colcon.colcon_core.shell:Skip shell extension 'dsv' for command environment
[0.332s] Level 1:colcon.colcon_core.environment:create_environment_scripts_only(ros_gz_example_application)
[0.332s] Level 1:colcon.colcon_core.environment:checking '/home/karol/Desktop/Droniada/martian_mines_ros2/install/ros_gz_example_application' for CMake module files
[0.332s] DEBUG:colcon.colcon_core.event_handler.log_command:Invoked command in '/home/karol/Desktop/Droniada/martian_mines_ros2/build/ros_gz_example_application' returned '0': CMAKE_PREFIX_PATH=/opt/ros/humble /usr/bin/cmake --install /home/karol/Desktop/Droniada/martian_mines_ros2/build/ros_gz_example_application
[0.332s] Level 1:colcon.colcon_core.environment:checking '/home/karol/Desktop/Droniada/martian_mines_ros2/install/ros_gz_example_application' for CMake config files
[0.333s] Level 1:colcon.colcon_core.shell:create_environment_hook('ros_gz_example_application', 'cmake_prefix_path')
[0.333s] INFO:colcon.colcon_core.shell:Creating environment hook '/home/karol/Desktop/Droniada/martian_mines_ros2/install/ros_gz_example_application/share/ros_gz_example_application/hook/cmake_prefix_path.ps1'
[0.333s] INFO:colcon.colcon_core.shell:Creating environment descriptor '/home/karol/Desktop/Droniada/martian_mines_ros2/install/ros_gz_example_application/share/ros_gz_example_application/hook/cmake_prefix_path.dsv'
[0.333s] INFO:colcon.colcon_core.shell:Creating environment hook '/home/karol/Desktop/Droniada/martian_mines_ros2/install/ros_gz_example_application/share/ros_gz_example_application/hook/cmake_prefix_path.sh'
[0.333s] Level 1:colcon.colcon_core.environment:checking '/home/karol/Desktop/Droniada/martian_mines_ros2/install/ros_gz_example_application/bin'
[0.334s] Level 1:colcon.colcon_core.environment:checking '/home/karol/Desktop/Droniada/martian_mines_ros2/install/ros_gz_example_application/lib/pkgconfig/ros_gz_example_application.pc'
[0.334s] Level 1:colcon.colcon_core.environment:checking '/home/karol/Desktop/Droniada/martian_mines_ros2/install/ros_gz_example_application/lib/python3.10/site-packages'
[0.334s] Level 1:colcon.colcon_core.environment:checking '/home/karol/Desktop/Droniada/martian_mines_ros2/install/ros_gz_example_application/bin'
[0.334s] INFO:colcon.colcon_core.shell:Creating package script '/home/karol/Desktop/Droniada/martian_mines_ros2/install/ros_gz_example_application/share/ros_gz_example_application/package.ps1'
[0.334s] INFO:colcon.colcon_core.shell:Creating package descriptor '/home/karol/Desktop/Droniada/martian_mines_ros2/install/ros_gz_example_application/share/ros_gz_example_application/package.dsv'
[0.335s] INFO:colcon.colcon_core.shell:Creating package script '/home/karol/Desktop/Droniada/martian_mines_ros2/install/ros_gz_example_application/share/ros_gz_example_application/package.sh'
[0.335s] INFO:colcon.colcon_core.shell:Creating package script '/home/karol/Desktop/Droniada/martian_mines_ros2/install/ros_gz_example_application/share/ros_gz_example_application/package.bash'
[0.335s] INFO:colcon.colcon_core.shell:Creating package script '/home/karol/Desktop/Droniada/martian_mines_ros2/install/ros_gz_example_application/share/ros_gz_example_application/package.zsh'
[0.335s] Level 1:colcon.colcon_core.environment:create_file_with_runtime_dependencies(/home/karol/Desktop/Droniada/martian_mines_ros2/install/ros_gz_example_application/share/colcon-core/packages/ros_gz_example_application)
[0.336s] Level 1:colcon.colcon_core.environment:create_environment_scripts_only(ros_gz_example_application)
[0.336s] Level 1:colcon.colcon_core.environment:checking '/home/karol/Desktop/Droniada/martian_mines_ros2/install/ros_gz_example_application' for CMake module files
[0.336s] Level 1:colcon.colcon_core.environment:checking '/home/karol/Desktop/Droniada/martian_mines_ros2/install/ros_gz_example_application' for CMake config files
[0.336s] Level 1:colcon.colcon_core.shell:create_environment_hook('ros_gz_example_application', 'cmake_prefix_path')
[0.336s] INFO:colcon.colcon_core.shell:Creating environment hook '/home/karol/Desktop/Droniada/martian_mines_ros2/install/ros_gz_example_application/share/ros_gz_example_application/hook/cmake_prefix_path.ps1'
[0.336s] INFO:colcon.colcon_core.shell:Creating environment descriptor '/home/karol/Desktop/Droniada/martian_mines_ros2/install/ros_gz_example_application/share/ros_gz_example_application/hook/cmake_prefix_path.dsv'
[0.337s] INFO:colcon.colcon_core.shell:Creating environment hook '/home/karol/Desktop/Droniada/martian_mines_ros2/install/ros_gz_example_application/share/ros_gz_example_application/hook/cmake_prefix_path.sh'
[0.337s] Level 1:colcon.colcon_core.environment:checking '/home/karol/Desktop/Droniada/martian_mines_ros2/install/ros_gz_example_application/bin'
[0.337s] Level 1:colcon.colcon_core.environment:checking '/home/karol/Desktop/Droniada/martian_mines_ros2/install/ros_gz_example_application/lib/pkgconfig/ros_gz_example_application.pc'
[0.337s] Level 1:colcon.colcon_core.environment:checking '/home/karol/Desktop/Droniada/martian_mines_ros2/install/ros_gz_example_application/lib/python3.10/site-packages'
[0.337s] Level 1:colcon.colcon_core.environment:checking '/home/karol/Desktop/Droniada/martian_mines_ros2/install/ros_gz_example_application/bin'
[0.337s] INFO:colcon.colcon_core.shell:Creating package script '/home/karol/Desktop/Droniada/martian_mines_ros2/install/ros_gz_example_application/share/ros_gz_example_application/package.ps1'
[0.338s] INFO:colcon.colcon_core.shell:Creating package descriptor '/home/karol/Desktop/Droniada/martian_mines_ros2/install/ros_gz_example_application/share/ros_gz_example_application/package.dsv'
[0.338s] INFO:colcon.colcon_core.shell:Creating package script '/home/karol/Desktop/Droniada/martian_mines_ros2/install/ros_gz_example_application/share/ros_gz_example_application/package.sh'
[0.338s] INFO:colcon.colcon_core.shell:Creating package script '/home/karol/Desktop/Droniada/martian_mines_ros2/install/ros_gz_example_application/share/ros_gz_example_application/package.bash'
[0.339s] INFO:colcon.colcon_core.shell:Creating package script '/home/karol/Desktop/Droniada/martian_mines_ros2/install/ros_gz_example_application/share/ros_gz_example_application/package.zsh'
[0.339s] Level 1:colcon.colcon_core.environment:create_file_with_runtime_dependencies(/home/karol/Desktop/Droniada/martian_mines_ros2/install/ros_gz_example_application/share/colcon-core/packages/ros_gz_example_application)
[0.341s] DEBUG:colcon.colcon_core.event_handler.log_command:Invoking command in '/home/karol/Desktop/Droniada/martian_mines_ros2/build/ros_gz_example_gazebo': AMENT_PREFIX_PATH=/home/karol/Desktop/Droniada/martian_mines_ros2/install/ros_gz_example_description:${AMENT_PREFIX_PATH} CMAKE_PREFIX_PATH=/home/karol/Desktop/Droniada/martian_mines_ros2/install/ros_gz_example_description:/opt/ros/humble GZ_SIM_RESOURCE_PATH=/home/karol/Desktop/Droniada/martian_mines_ros2/install/ros_gz_example_description/share/ros_gz_example_description/models /usr/bin/cmake /home/karol/Desktop/Droniada/martian_mines_ros2/ros_gz_project_template-main/ros_gz_example_gazebo -DBUILD_TESTING=ON -DCMAKE_INSTALL_PREFIX=/home/karol/Desktop/Droniada/martian_mines_ros2/install/ros_gz_example_gazebo
[1.815s] DEBUG:colcon.colcon_core.event_handler.log_command:Invoked command in '/home/karol/Desktop/Droniada/martian_mines_ros2/build/ros_gz_example_gazebo' returned '0': AMENT_PREFIX_PATH=/home/karol/Desktop/Droniada/martian_mines_ros2/install/ros_gz_example_description:${AMENT_PREFIX_PATH} CMAKE_PREFIX_PATH=/home/karol/Desktop/Droniada/martian_mines_ros2/install/ros_gz_example_description:/opt/ros/humble GZ_SIM_RESOURCE_PATH=/home/karol/Desktop/Droniada/martian_mines_ros2/install/ros_gz_example_description/share/ros_gz_example_description/models /usr/bin/cmake /home/karol/Desktop/Droniada/martian_mines_ros2/ros_gz_project_template-main/ros_gz_example_gazebo -DBUILD_TESTING=ON -DCMAKE_INSTALL_PREFIX=/home/karol/Desktop/Droniada/martian_mines_ros2/install/ros_gz_example_gazebo
[1.817s] DEBUG:colcon.colcon_core.event_handler.log_command:Invoking command in '/home/karol/Desktop/Droniada/martian_mines_ros2/build/ros_gz_example_gazebo': AMENT_PREFIX_PATH=/home/karol/Desktop/Droniada/martian_mines_ros2/install/ros_gz_example_description:${AMENT_PREFIX_PATH} CMAKE_PREFIX_PATH=/home/karol/Desktop/Droniada/martian_mines_ros2/install/ros_gz_example_description:/opt/ros/humble GZ_SIM_RESOURCE_PATH=/home/karol/Desktop/Droniada/martian_mines_ros2/install/ros_gz_example_description/share/ros_gz_example_description/models /usr/bin/cmake --build /home/karol/Desktop/Droniada/martian_mines_ros2/build/ros_gz_example_gazebo -- -j12 -l12
[3.542s] DEBUG:colcon.colcon_core.event_handler.log_command:Invoked command in '/home/karol/Desktop/Droniada/martian_mines_ros2/build/ros_gz_example_gazebo' returned '0': AMENT_PREFIX_PATH=/home/karol/Desktop/Droniada/martian_mines_ros2/install/ros_gz_example_description:${AMENT_PREFIX_PATH} CMAKE_PREFIX_PATH=/home/karol/Desktop/Droniada/martian_mines_ros2/install/ros_gz_example_description:/opt/ros/humble GZ_SIM_RESOURCE_PATH=/home/karol/Desktop/Droniada/martian_mines_ros2/install/ros_gz_example_description/share/ros_gz_example_description/models /usr/bin/cmake --build /home/karol/Desktop/Droniada/martian_mines_ros2/build/ros_gz_example_gazebo -- -j12 -l12
[3.543s] DEBUG:colcon.colcon_core.event_handler.log_command:Invoking command in '/home/karol/Desktop/Droniada/martian_mines_ros2/build/ros_gz_example_gazebo': AMENT_PREFIX_PATH=/home/karol/Desktop/Droniada/martian_mines_ros2/install/ros_gz_example_description:${AMENT_PREFIX_PATH} CMAKE_PREFIX_PATH=/home/karol/Desktop/Droniada/martian_mines_ros2/install/ros_gz_example_description:/opt/ros/humble GZ_SIM_RESOURCE_PATH=/home/karol/Desktop/Droniada/martian_mines_ros2/install/ros_gz_example_description/share/ros_gz_example_description/models /usr/bin/cmake --install /home/karol/Desktop/Droniada/martian_mines_ros2/build/ros_gz_example_gazebo
[3.555s] Level 1:colcon.colcon_core.environment:create_environment_scripts_only(ros_gz_example_gazebo)
[3.555s] Level 1:colcon.colcon_core.environment:checking '/home/karol/Desktop/Droniada/martian_mines_ros2/install/ros_gz_example_gazebo' for CMake module files
[3.556s] DEBUG:colcon.colcon_core.event_handler.log_command:Invoked command in '/home/karol/Desktop/Droniada/martian_mines_ros2/build/ros_gz_example_gazebo' returned '0': AMENT_PREFIX_PATH=/home/karol/Desktop/Droniada/martian_mines_ros2/install/ros_gz_example_description:${AMENT_PREFIX_PATH} CMAKE_PREFIX_PATH=/home/karol/Desktop/Droniada/martian_mines_ros2/install/ros_gz_example_description:/opt/ros/humble GZ_SIM_RESOURCE_PATH=/home/karol/Desktop/Droniada/martian_mines_ros2/install/ros_gz_example_description/share/ros_gz_example_description/models /usr/bin/cmake --install /home/karol/Desktop/Droniada/martian_mines_ros2/build/ros_gz_example_gazebo
[3.556s] Level 1:colcon.colcon_core.environment:checking '/home/karol/Desktop/Droniada/martian_mines_ros2/install/ros_gz_example_gazebo' for CMake config files
[3.556s] Level 1:colcon.colcon_core.shell:create_environment_hook('ros_gz_example_gazebo', 'cmake_prefix_path')
[3.556s] INFO:colcon.colcon_core.shell:Creating environment hook '/home/karol/Desktop/Droniada/martian_mines_ros2/install/ros_gz_example_gazebo/share/ros_gz_example_gazebo/hook/cmake_prefix_path.ps1'
[3.557s] INFO:colcon.colcon_core.shell:Creating environment descriptor '/home/karol/Desktop/Droniada/martian_mines_ros2/install/ros_gz_example_gazebo/share/ros_gz_example_gazebo/hook/cmake_prefix_path.dsv'
[3.557s] INFO:colcon.colcon_core.shell:Creating environment hook '/home/karol/Desktop/Droniada/martian_mines_ros2/install/ros_gz_example_gazebo/share/ros_gz_example_gazebo/hook/cmake_prefix_path.sh'
[3.557s] Level 1:colcon.colcon_core.environment:checking '/home/karol/Desktop/Droniada/martian_mines_ros2/install/ros_gz_example_gazebo/lib'
[3.558s] Level 1:colcon.colcon_core.environment:checking '/home/karol/Desktop/Droniada/martian_mines_ros2/install/ros_gz_example_gazebo/bin'
[3.558s] Level 1:colcon.colcon_core.environment:checking '/home/karol/Desktop/Droniada/martian_mines_ros2/install/ros_gz_example_gazebo/lib/pkgconfig/ros_gz_example_gazebo.pc'
[3.558s] Level 1:colcon.colcon_core.environment:checking '/home/karol/Desktop/Droniada/martian_mines_ros2/install/ros_gz_example_gazebo/lib/python3.10/site-packages'
[3.558s] Level 1:colcon.colcon_core.environment:checking '/home/karol/Desktop/Droniada/martian_mines_ros2/install/ros_gz_example_gazebo/bin'
[3.558s] INFO:colcon.colcon_core.shell:Creating package script '/home/karol/Desktop/Droniada/martian_mines_ros2/install/ros_gz_example_gazebo/share/ros_gz_example_gazebo/package.ps1'
[3.558s] INFO:colcon.colcon_core.shell:Creating package descriptor '/home/karol/Desktop/Droniada/martian_mines_ros2/install/ros_gz_example_gazebo/share/ros_gz_example_gazebo/package.dsv'
[3.559s] INFO:colcon.colcon_core.shell:Creating package script '/home/karol/Desktop/Droniada/martian_mines_ros2/install/ros_gz_example_gazebo/share/ros_gz_example_gazebo/package.sh'
[3.559s] INFO:colcon.colcon_core.shell:Creating package script '/home/karol/Desktop/Droniada/martian_mines_ros2/install/ros_gz_example_gazebo/share/ros_gz_example_gazebo/package.bash'
[3.559s] INFO:colcon.colcon_core.shell:Creating package script '/home/karol/Desktop/Droniada/martian_mines_ros2/install/ros_gz_example_gazebo/share/ros_gz_example_gazebo/package.zsh'
[3.559s] Level 1:colcon.colcon_core.environment:create_file_with_runtime_dependencies(/home/karol/Desktop/Droniada/martian_mines_ros2/install/ros_gz_example_gazebo/share/colcon-core/packages/ros_gz_example_gazebo)
[3.560s] Level 1:colcon.colcon_core.environment:create_environment_scripts_only(ros_gz_example_gazebo)
[3.560s] Level 1:colcon.colcon_core.environment:checking '/home/karol/Desktop/Droniada/martian_mines_ros2/install/ros_gz_example_gazebo' for CMake module files
[3.560s] Level 1:colcon.colcon_core.environment:checking '/home/karol/Desktop/Droniada/martian_mines_ros2/install/ros_gz_example_gazebo' for CMake config files
[3.560s] Level 1:colcon.colcon_core.shell:create_environment_hook('ros_gz_example_gazebo', 'cmake_prefix_path')
[3.561s] INFO:colcon.colcon_core.shell:Creating environment hook '/home/karol/Desktop/Droniada/martian_mines_ros2/install/ros_gz_example_gazebo/share/ros_gz_example_gazebo/hook/cmake_prefix_path.ps1'
[3.561s] INFO:colcon.colcon_core.shell:Creating environment descriptor '/home/karol/Desktop/Droniada/martian_mines_ros2/install/ros_gz_example_gazebo/share/ros_gz_example_gazebo/hook/cmake_prefix_path.dsv'
[3.561s] INFO:colcon.colcon_core.shell:Creating environment hook '/home/karol/Desktop/Droniada/martian_mines_ros2/install/ros_gz_example_gazebo/share/ros_gz_example_gazebo/hook/cmake_prefix_path.sh'
[3.561s] Level 1:colcon.colcon_core.environment:checking '/home/karol/Desktop/Droniada/martian_mines_ros2/install/ros_gz_example_gazebo/lib'
[3.561s] Level 1:colcon.colcon_core.environment:checking '/home/karol/Desktop/Droniada/martian_mines_ros2/install/ros_gz_example_gazebo/bin'
[3.561s] Level 1:colcon.colcon_core.environment:checking '/home/karol/Desktop/Droniada/martian_mines_ros2/install/ros_gz_example_gazebo/lib/pkgconfig/ros_gz_example_gazebo.pc'
[3.562s] Level 1:colcon.colcon_core.environment:checking '/home/karol/Desktop/Droniada/martian_mines_ros2/install/ros_gz_example_gazebo/lib/python3.10/site-packages'
[3.562s] Level 1:colcon.colcon_core.environment:checking '/home/karol/Desktop/Droniada/martian_mines_ros2/install/ros_gz_example_gazebo/bin'
[3.562s] INFO:colcon.colcon_core.shell:Creating package script '/home/karol/Desktop/Droniada/martian_mines_ros2/install/ros_gz_example_gazebo/share/ros_gz_example_gazebo/package.ps1'
[3.562s] INFO:colcon.colcon_core.shell:Creating package descriptor '/home/karol/Desktop/Droniada/martian_mines_ros2/install/ros_gz_example_gazebo/share/ros_gz_example_gazebo/package.dsv'
[3.563s] INFO:colcon.colcon_core.shell:Creating package script '/home/karol/Desktop/Droniada/martian_mines_ros2/install/ros_gz_example_gazebo/share/ros_gz_example_gazebo/package.sh'
[3.563s] INFO:colcon.colcon_core.shell:Creating package script '/home/karol/Desktop/Droniada/martian_mines_ros2/install/ros_gz_example_gazebo/share/ros_gz_example_gazebo/package.bash'
[3.563s] INFO:colcon.colcon_core.shell:Creating package script '/home/karol/Desktop/Droniada/martian_mines_ros2/install/ros_gz_example_gazebo/share/ros_gz_example_gazebo/package.zsh'
[3.563s] Level 1:colcon.colcon_core.environment:create_file_with_runtime_dependencies(/home/karol/Desktop/Droniada/martian_mines_ros2/install/ros_gz_example_gazebo/share/colcon-core/packages/ros_gz_example_gazebo)
[3.564s] INFO:colcon.colcon_ros.task.ament_cmake.build:Building ROS package in '/home/karol/Desktop/Droniada/martian_mines_ros2/ros_gz_project_template-main/ros_gz_example_bringup' with build type 'ament_cmake'
[3.564s] INFO:colcon.colcon_cmake.task.cmake.build:Building CMake package in '/home/karol/Desktop/Droniada/martian_mines_ros2/ros_gz_project_template-main/ros_gz_example_bringup'
[3.564s] INFO:colcon.colcon_core.shell:Skip shell extension 'powershell' for command environment: Not usable outside of PowerShell
[3.564s] DEBUG:colcon.colcon_core.shell:Skip shell extension 'dsv' for command environment
[3.571s] DEBUG:colcon.colcon_core.event_handler.log_command:Invoking command in '/home/karol/Desktop/Droniada/martian_mines_ros2/build/ros_gz_example_bringup': AMENT_PREFIX_PATH=/home/karol/Desktop/Droniada/martian_mines_ros2/install/ros_gz_example_gazebo:/home/karol/Desktop/Droniada/martian_mines_ros2/install/ros_gz_example_description:${AMENT_PREFIX_PATH} CMAKE_PREFIX_PATH=/home/karol/Desktop/Droniada/martian_mines_ros2/install/ros_gz_example_gazebo:/home/karol/Desktop/Droniada/martian_mines_ros2/install/ros_gz_example_description:/opt/ros/humble GZ_SIM_PLUGIN_PATH=/home/karol/Desktop/Droniada/martian_mines_ros2/install/ros_gz_example_gazebo/lib/ros_gz_example_gazebo GZ_SIM_RESOURCE_PATH=/home/karol/Desktop/Droniada/martian_mines_ros2/install/ros_gz_example_gazebo/share/ros_gz_example_gazebo/worlds:/home/karol/Desktop/Droniada/martian_mines_ros2/install/ros_gz_example_description/share/ros_gz_example_description/models /usr/bin/cmake /home/karol/Desktop/Droniada/martian_mines_ros2/ros_gz_project_template-main/ros_gz_example_bringup -DBUILD_TESTING=ON -DCMAKE_INSTALL_PREFIX=/home/karol/Desktop/Droniada/martian_mines_ros2/install/ros_gz_example_bringup
[4.117s] DEBUG:colcon.colcon_core.event_handler.log_command:Invoked command in '/home/karol/Desktop/Droniada/martian_mines_ros2/build/ros_gz_example_bringup' returned '0': AMENT_PREFIX_PATH=/home/karol/Desktop/Droniada/martian_mines_ros2/install/ros_gz_example_gazebo:/home/karol/Desktop/Droniada/martian_mines_ros2/install/ros_gz_example_description:${AMENT_PREFIX_PATH} CMAKE_PREFIX_PATH=/home/karol/Desktop/Droniada/martian_mines_ros2/install/ros_gz_example_gazebo:/home/karol/Desktop/Droniada/martian_mines_ros2/install/ros_gz_example_description:/opt/ros/humble GZ_SIM_PLUGIN_PATH=/home/karol/Desktop/Droniada/martian_mines_ros2/install/ros_gz_example_gazebo/lib/ros_gz_example_gazebo GZ_SIM_RESOURCE_PATH=/home/karol/Desktop/Droniada/martian_mines_ros2/install/ros_gz_example_gazebo/share/ros_gz_example_gazebo/worlds:/home/karol/Desktop/Droniada/martian_mines_ros2/install/ros_gz_example_description/share/ros_gz_example_description/models /usr/bin/cmake /home/karol/Desktop/Droniada/martian_mines_ros2/ros_gz_project_template-main/ros_gz_example_bringup -DBUILD_TESTING=ON -DCMAKE_INSTALL_PREFIX=/home/karol/Desktop/Droniada/martian_mines_ros2/install/ros_gz_example_bringup
[4.119s] DEBUG:colcon.colcon_core.event_handler.log_command:Invoking command in '/home/karol/Desktop/Droniada/martian_mines_ros2/build/ros_gz_example_bringup': AMENT_PREFIX_PATH=/home/karol/Desktop/Droniada/martian_mines_ros2/install/ros_gz_example_gazebo:/home/karol/Desktop/Droniada/martian_mines_ros2/install/ros_gz_example_description:${AMENT_PREFIX_PATH} CMAKE_PREFIX_PATH=/home/karol/Desktop/Droniada/martian_mines_ros2/install/ros_gz_example_gazebo:/home/karol/Desktop/Droniada/martian_mines_ros2/install/ros_gz_example_description:/opt/ros/humble GZ_SIM_PLUGIN_PATH=/home/karol/Desktop/Droniada/martian_mines_ros2/install/ros_gz_example_gazebo/lib/ros_gz_example_gazebo GZ_SIM_RESOURCE_PATH=/home/karol/Desktop/Droniada/martian_mines_ros2/install/ros_gz_example_gazebo/share/ros_gz_example_gazebo/worlds:/home/karol/Desktop/Droniada/martian_mines_ros2/install/ros_gz_example_description/share/ros_gz_example_description/models /usr/bin/cmake --build /home/karol/Desktop/Droniada/martian_mines_ros2/build/ros_gz_example_bringup -- -j12 -l12
[4.149s] DEBUG:colcon.colcon_core.event_handler.log_command:Invoked command in '/home/karol/Desktop/Droniada/martian_mines_ros2/build/ros_gz_example_bringup' returned '0': AMENT_PREFIX_PATH=/home/karol/Desktop/Droniada/martian_mines_ros2/install/ros_gz_example_gazebo:/home/karol/Desktop/Droniada/martian_mines_ros2/install/ros_gz_example_description:${AMENT_PREFIX_PATH} CMAKE_PREFIX_PATH=/home/karol/Desktop/Droniada/martian_mines_ros2/install/ros_gz_example_gazebo:/home/karol/Desktop/Droniada/martian_mines_ros2/install/ros_gz_example_description:/opt/ros/humble GZ_SIM_PLUGIN_PATH=/home/karol/Desktop/Droniada/martian_mines_ros2/install/ros_gz_example_gazebo/lib/ros_gz_example_gazebo GZ_SIM_RESOURCE_PATH=/home/karol/Desktop/Droniada/martian_mines_ros2/install/ros_gz_example_gazebo/share/ros_gz_example_gazebo/worlds:/home/karol/Desktop/Droniada/martian_mines_ros2/install/ros_gz_example_description/share/ros_gz_example_description/models /usr/bin/cmake --build /home/karol/Desktop/Droniada/martian_mines_ros2/build/ros_gz_example_bringup -- -j12 -l12
[4.151s] DEBUG:colcon.colcon_core.event_handler.log_command:Invoking command in '/home/karol/Desktop/Droniada/martian_mines_ros2/build/ros_gz_example_bringup': AMENT_PREFIX_PATH=/home/karol/Desktop/Droniada/martian_mines_ros2/install/ros_gz_example_gazebo:/home/karol/Desktop/Droniada/martian_mines_ros2/install/ros_gz_example_description:${AMENT_PREFIX_PATH} CMAKE_PREFIX_PATH=/home/karol/Desktop/Droniada/martian_mines_ros2/install/ros_gz_example_gazebo:/home/karol/Desktop/Droniada/martian_mines_ros2/install/ros_gz_example_description:/opt/ros/humble GZ_SIM_PLUGIN_PATH=/home/karol/Desktop/Droniada/martian_mines_ros2/install/ros_gz_example_gazebo/lib/ros_gz_example_gazebo GZ_SIM_RESOURCE_PATH=/home/karol/Desktop/Droniada/martian_mines_ros2/install/ros_gz_example_gazebo/share/ros_gz_example_gazebo/worlds:/home/karol/Desktop/Droniada/martian_mines_ros2/install/ros_gz_example_description/share/ros_gz_example_description/models /usr/bin/cmake --install /home/karol/Desktop/Droniada/martian_mines_ros2/build/ros_gz_example_bringup
[4.161s] Level 1:colcon.colcon_core.environment:create_environment_scripts_only(ros_gz_example_bringup)
[4.161s] Level 1:colcon.colcon_core.environment:checking '/home/karol/Desktop/Droniada/martian_mines_ros2/install/ros_gz_example_bringup' for CMake module files
[4.162s] DEBUG:colcon.colcon_core.event_handler.log_command:Invoked command in '/home/karol/Desktop/Droniada/martian_mines_ros2/build/ros_gz_example_bringup' returned '0': AMENT_PREFIX_PATH=/home/karol/Desktop/Droniada/martian_mines_ros2/install/ros_gz_example_gazebo:/home/karol/Desktop/Droniada/martian_mines_ros2/install/ros_gz_example_description:${AMENT_PREFIX_PATH} CMAKE_PREFIX_PATH=/home/karol/Desktop/Droniada/martian_mines_ros2/install/ros_gz_example_gazebo:/home/karol/Desktop/Droniada/martian_mines_ros2/install/ros_gz_example_description:/opt/ros/humble GZ_SIM_PLUGIN_PATH=/home/karol/Desktop/Droniada/martian_mines_ros2/install/ros_gz_example_gazebo/lib/ros_gz_example_gazebo GZ_SIM_RESOURCE_PATH=/home/karol/Desktop/Droniada/martian_mines_ros2/install/ros_gz_example_gazebo/share/ros_gz_example_gazebo/worlds:/home/karol/Desktop/Droniada/martian_mines_ros2/install/ros_gz_example_description/share/ros_gz_example_description/models /usr/bin/cmake --install /home/karol/Desktop/Droniada/martian_mines_ros2/build/ros_gz_example_bringup
[4.162s] Level 1:colcon.colcon_core.environment:checking '/home/karol/Desktop/Droniada/martian_mines_ros2/install/ros_gz_example_bringup' for CMake config files
[4.162s] Level 1:colcon.colcon_core.shell:create_environment_hook('ros_gz_example_bringup', 'cmake_prefix_path')
[4.162s] INFO:colcon.colcon_core.shell:Creating environment hook '/home/karol/Desktop/Droniada/martian_mines_ros2/install/ros_gz_example_bringup/share/ros_gz_example_bringup/hook/cmake_prefix_path.ps1'
[4.163s] INFO:colcon.colcon_core.shell:Creating environment descriptor '/home/karol/Desktop/Droniada/martian_mines_ros2/install/ros_gz_example_bringup/share/ros_gz_example_bringup/hook/cmake_prefix_path.dsv'
[4.163s] INFO:colcon.colcon_core.shell:Creating environment hook '/home/karol/Desktop/Droniada/martian_mines_ros2/install/ros_gz_example_bringup/share/ros_gz_example_bringup/hook/cmake_prefix_path.sh'
[4.163s] Level 1:colcon.colcon_core.environment:checking '/home/karol/Desktop/Droniada/martian_mines_ros2/install/ros_gz_example_bringup/bin'
[4.163s] Level 1:colcon.colcon_core.environment:checking '/home/karol/Desktop/Droniada/martian_mines_ros2/install/ros_gz_example_bringup/lib/pkgconfig/ros_gz_example_bringup.pc'
[4.164s] Level 1:colcon.colcon_core.environment:checking '/home/karol/Desktop/Droniada/martian_mines_ros2/install/ros_gz_example_bringup/lib/python3.10/site-packages'
[4.164s] Level 1:colcon.colcon_core.environment:checking '/home/karol/Desktop/Droniada/martian_mines_ros2/install/ros_gz_example_bringup/bin'
[4.164s] INFO:colcon.colcon_core.shell:Creating package script '/home/karol/Desktop/Droniada/martian_mines_ros2/install/ros_gz_example_bringup/share/ros_gz_example_bringup/package.ps1'
[4.164s] INFO:colcon.colcon_core.shell:Creating package descriptor '/home/karol/Desktop/Droniada/martian_mines_ros2/install/ros_gz_example_bringup/share/ros_gz_example_bringup/package.dsv'
[4.165s] INFO:colcon.colcon_core.shell:Creating package script '/home/karol/Desktop/Droniada/martian_mines_ros2/install/ros_gz_example_bringup/share/ros_gz_example_bringup/package.sh'
[4.165s] INFO:colcon.colcon_core.shell:Creating package script '/home/karol/Desktop/Droniada/martian_mines_ros2/install/ros_gz_example_bringup/share/ros_gz_example_bringup/package.bash'
[4.165s] INFO:colcon.colcon_core.shell:Creating package script '/home/karol/Desktop/Droniada/martian_mines_ros2/install/ros_gz_example_bringup/share/ros_gz_example_bringup/package.zsh'
[4.165s] Level 1:colcon.colcon_core.environment:create_file_with_runtime_dependencies(/home/karol/Desktop/Droniada/martian_mines_ros2/install/ros_gz_example_bringup/share/colcon-core/packages/ros_gz_example_bringup)
[4.166s] Level 1:colcon.colcon_core.environment:create_environment_scripts_only(ros_gz_example_bringup)
[4.166s] Level 1:colcon.colcon_core.environment:checking '/home/karol/Desktop/Droniada/martian_mines_ros2/install/ros_gz_example_bringup' for CMake module files
[4.166s] Level 1:colcon.colcon_core.environment:checking '/home/karol/Desktop/Droniada/martian_mines_ros2/install/ros_gz_example_bringup' for CMake config files
[4.166s] Level 1:colcon.colcon_core.shell:create_environment_hook('ros_gz_example_bringup', 'cmake_prefix_path')
[4.167s] INFO:colcon.colcon_core.shell:Creating environment hook '/home/karol/Desktop/Droniada/martian_mines_ros2/install/ros_gz_example_bringup/share/ros_gz_example_bringup/hook/cmake_prefix_path.ps1'
[4.167s] INFO:colcon.colcon_core.shell:Creating environment descriptor '/home/karol/Desktop/Droniada/martian_mines_ros2/install/ros_gz_example_bringup/share/ros_gz_example_bringup/hook/cmake_prefix_path.dsv'
[4.167s] INFO:colcon.colcon_core.shell:Creating environment hook '/home/karol/Desktop/Droniada/martian_mines_ros2/install/ros_gz_example_bringup/share/ros_gz_example_bringup/hook/cmake_prefix_path.sh'
[4.167s] Level 1:colcon.colcon_core.environment:checking '/home/karol/Desktop/Droniada/martian_mines_ros2/install/ros_gz_example_bringup/bin'
[4.167s] Level 1:colcon.colcon_core.environment:checking '/home/karol/Desktop/Droniada/martian_mines_ros2/install/ros_gz_example_bringup/lib/pkgconfig/ros_gz_example_bringup.pc'
[4.167s] Level 1:colcon.colcon_core.environment:checking '/home/karol/Desktop/Droniada/martian_mines_ros2/install/ros_gz_example_bringup/lib/python3.10/site-packages'
[4.168s] Level 1:colcon.colcon_core.environment:checking '/home/karol/Desktop/Droniada/martian_mines_ros2/install/ros_gz_example_bringup/bin'
[4.168s] INFO:colcon.colcon_core.shell:Creating package script '/home/karol/Desktop/Droniada/martian_mines_ros2/install/ros_gz_example_bringup/share/ros_gz_example_bringup/package.ps1'
[4.168s] INFO:colcon.colcon_core.shell:Creating package descriptor '/home/karol/Desktop/Droniada/martian_mines_ros2/install/ros_gz_example_bringup/share/ros_gz_example_bringup/package.dsv'
[4.168s] INFO:colcon.colcon_core.shell:Creating package script '/home/karol/Desktop/Droniada/martian_mines_ros2/install/ros_gz_example_bringup/share/ros_gz_example_bringup/package.sh'
[4.169s] INFO:colcon.colcon_core.shell:Creating package script '/home/karol/Desktop/Droniada/martian_mines_ros2/install/ros_gz_example_bringup/share/ros_gz_example_bringup/package.bash'
[4.169s] INFO:colcon.colcon_core.shell:Creating package script '/home/karol/Desktop/Droniada/martian_mines_ros2/install/ros_gz_example_bringup/share/ros_gz_example_bringup/package.zsh'
[4.169s] Level 1:colcon.colcon_core.environment:create_file_with_runtime_dependencies(/home/karol/Desktop/Droniada/martian_mines_ros2/install/ros_gz_example_bringup/share/colcon-core/packages/ros_gz_example_bringup)
[4.169s] DEBUG:colcon.colcon_parallel_executor.executor.parallel:closing loop
[4.170s] DEBUG:colcon.colcon_parallel_executor.executor.parallel:loop closed
[4.170s] DEBUG:colcon.colcon_parallel_executor.executor.parallel:run_until_complete finished with '0'
[4.170s] DEBUG:colcon.colcon_core.event_reactor:joining thread
[4.176s] INFO:colcon.colcon_core.plugin_system:Skipping extension 'colcon_notification.desktop_notification.terminal_notifier': Not used on non-Darwin systems
[4.176s] INFO:colcon.colcon_core.plugin_system:Skipping extension 'colcon_notification.desktop_notification.win32': Not used on non-Windows systems
[4.176s] INFO:colcon.colcon_notification.desktop_notification:Sending desktop notification using 'notify2'
[4.191s] DEBUG:colcon.colcon_core.event_reactor:joined thread
[4.192s] INFO:colcon.colcon_core.shell:Creating prefix script '/home/karol/Desktop/Droniada/martian_mines_ros2/install/local_setup.ps1'
[4.192s] INFO:colcon.colcon_core.shell:Creating prefix util module '/home/karol/Desktop/Droniada/martian_mines_ros2/install/_local_setup_util_ps1.py'
[4.193s] INFO:colcon.colcon_core.shell:Creating prefix chain script '/home/karol/Desktop/Droniada/martian_mines_ros2/install/setup.ps1'
[4.194s] INFO:colcon.colcon_core.shell:Creating prefix script '/home/karol/Desktop/Droniada/martian_mines_ros2/install/local_setup.sh'
[4.195s] INFO:colcon.colcon_core.shell:Creating prefix util module '/home/karol/Desktop/Droniada/martian_mines_ros2/install/_local_setup_util_sh.py'
[4.196s] INFO:colcon.colcon_core.shell:Creating prefix chain script '/home/karol/Desktop/Droniada/martian_mines_ros2/install/setup.sh'
[4.197s] INFO:colcon.colcon_core.shell:Creating prefix script '/home/karol/Desktop/Droniada/martian_mines_ros2/install/local_setup.bash'
[4.198s] INFO:colcon.colcon_core.shell:Creating prefix chain script '/home/karol/Desktop/Droniada/martian_mines_ros2/install/setup.bash'
[4.199s] INFO:colcon.colcon_core.shell:Creating prefix script '/home/karol/Desktop/Droniada/martian_mines_ros2/install/local_setup.zsh'
[4.199s] INFO:colcon.colcon_core.shell:Creating prefix chain script '/home/karol/Desktop/Droniada/martian_mines_ros2/install/setup.zsh'
