[0.006s] Invoking command in '/home/karol/Desktop/Droniada/martian_mines_ros2/build/ros_gz_example_bringup': AMENT_PREFIX_PATH=/home/karol/Desktop/Droniada/martian_mines_ros2/install/ros_gz_example_gazebo:/home/karol/Desktop/Droniada/martian_mines_ros2/install/ros_gz_example_description:${AMENT_PREFIX_PATH} CMAKE_PREFIX_PATH=/home/karol/Desktop/Droniada/martian_mines_ros2/install/ros_gz_example_gazebo:/home/karol/Desktop/Droniada/martian_mines_ros2/install/ros_gz_example_description:/opt/ros/humble GZ_SIM_PLUGIN_PATH=/home/karol/Desktop/Droniada/martian_mines_ros2/install/ros_gz_example_gazebo/lib/ros_gz_example_gazebo GZ_SIM_RESOURCE_PATH=/home/karol/Desktop/Droniada/martian_mines_ros2/install/ros_gz_example_gazebo/share/ros_gz_example_gazebo/worlds:/home/karol/Desktop/Droniada/martian_mines_ros2/install/ros_gz_example_description/share/ros_gz_example_description/models /usr/bin/cmake /home/karol/Desktop/Droniada/martian_mines_ros2/ros_gz_project_template-main/ros_gz_example_bringup -DBUILD_TESTING=ON -DCMAKE_INSTALL_PREFIX=/home/karol/Desktop/Droniada/martian_mines_ros2/install/ros_gz_example_bringup
[0.052s] -- The C compiler identification is GNU 11.4.0
[0.099s] -- The CXX compiler identification is GNU 11.4.0
[0.108s] -- Detecting C compiler ABI info
[0.170s] -- Detecting C compiler ABI info - done
[0.182s] -- Check for working C compiler: /usr/bin/cc - skipped
[0.182s] -- Detecting C compile features
[0.183s] -- Detecting C compile features - done
[0.188s] -- Detecting CXX compiler ABI info
[0.260s] -- Detecting CXX compiler ABI info - done
[0.273s] -- Check for working CXX compiler: /usr/bin/c++ - skipped
[0.273s] -- Detecting CXX compile features
[0.274s] -- Detecting CXX compile features - done
[0.279s] -- Found ament_cmake: 1.3.11 (/opt/ros/humble/share/ament_cmake/cmake)
[0.411s] -- Found Python3: /usr/bin/python3 (found version "3.10.12") found components: Interpreter 
[0.496s] -- Found ros_gz_example_description: 0.0.0 (/home/karol/Desktop/Droniada/martian_mines_ros2/install/ros_gz_example_description/share/ros_gz_example_description/cmake)
[0.496s] -- Found ros_gz_example_gazebo: 0.0.0 (/home/karol/Desktop/Droniada/martian_mines_ros2/install/ros_gz_example_gazebo/share/ros_gz_example_gazebo/cmake)
[0.497s] -- Found ament_lint_auto: 0.12.11 (/opt/ros/humble/share/ament_lint_auto/cmake)
[0.544s] -- Configuring done
[0.547s] -- Generating done
[0.548s] -- Build files have been written to: /home/karol/Desktop/Droniada/martian_mines_ros2/build/ros_gz_example_bringup
[0.552s] Invoked command in '/home/karol/Desktop/Droniada/martian_mines_ros2/build/ros_gz_example_bringup' returned '0': AMENT_PREFIX_PATH=/home/karol/Desktop/Droniada/martian_mines_ros2/install/ros_gz_example_gazebo:/home/karol/Desktop/Droniada/martian_mines_ros2/install/ros_gz_example_description:${AMENT_PREFIX_PATH} CMAKE_PREFIX_PATH=/home/karol/Desktop/Droniada/martian_mines_ros2/install/ros_gz_example_gazebo:/home/karol/Desktop/Droniada/martian_mines_ros2/install/ros_gz_example_description:/opt/ros/humble GZ_SIM_PLUGIN_PATH=/home/karol/Desktop/Droniada/martian_mines_ros2/install/ros_gz_example_gazebo/lib/ros_gz_example_gazebo GZ_SIM_RESOURCE_PATH=/home/karol/Desktop/Droniada/martian_mines_ros2/install/ros_gz_example_gazebo/share/ros_gz_example_gazebo/worlds:/home/karol/Desktop/Droniada/martian_mines_ros2/install/ros_gz_example_description/share/ros_gz_example_description/models /usr/bin/cmake /home/karol/Desktop/Droniada/martian_mines_ros2/ros_gz_project_template-main/ros_gz_example_bringup -DBUILD_TESTING=ON -DCMAKE_INSTALL_PREFIX=/home/karol/Desktop/Droniada/martian_mines_ros2/install/ros_gz_example_bringup
[0.554s] Invoking command in '/home/karol/Desktop/Droniada/martian_mines_ros2/build/ros_gz_example_bringup': AMENT_PREFIX_PATH=/home/karol/Desktop/Droniada/martian_mines_ros2/install/ros_gz_example_gazebo:/home/karol/Desktop/Droniada/martian_mines_ros2/install/ros_gz_example_description:${AMENT_PREFIX_PATH} CMAKE_PREFIX_PATH=/home/karol/Desktop/Droniada/martian_mines_ros2/install/ros_gz_example_gazebo:/home/karol/Desktop/Droniada/martian_mines_ros2/install/ros_gz_example_description:/opt/ros/humble GZ_SIM_PLUGIN_PATH=/home/karol/Desktop/Droniada/martian_mines_ros2/install/ros_gz_example_gazebo/lib/ros_gz_example_gazebo GZ_SIM_RESOURCE_PATH=/home/karol/Desktop/Droniada/martian_mines_ros2/install/ros_gz_example_gazebo/share/ros_gz_example_gazebo/worlds:/home/karol/Desktop/Droniada/martian_mines_ros2/install/ros_gz_example_description/share/ros_gz_example_description/models /usr/bin/cmake --build /home/karol/Desktop/Droniada/martian_mines_ros2/build/ros_gz_example_bringup -- -j12 -l12
[0.584s] Invoked command in '/home/karol/Desktop/Droniada/martian_mines_ros2/build/ros_gz_example_bringup' returned '0': AMENT_PREFIX_PATH=/home/karol/Desktop/Droniada/martian_mines_ros2/install/ros_gz_example_gazebo:/home/karol/Desktop/Droniada/martian_mines_ros2/install/ros_gz_example_description:${AMENT_PREFIX_PATH} CMAKE_PREFIX_PATH=/home/karol/Desktop/Droniada/martian_mines_ros2/install/ros_gz_example_gazebo:/home/karol/Desktop/Droniada/martian_mines_ros2/install/ros_gz_example_description:/opt/ros/humble GZ_SIM_PLUGIN_PATH=/home/karol/Desktop/Droniada/martian_mines_ros2/install/ros_gz_example_gazebo/lib/ros_gz_example_gazebo GZ_SIM_RESOURCE_PATH=/home/karol/Desktop/Droniada/martian_mines_ros2/install/ros_gz_example_gazebo/share/ros_gz_example_gazebo/worlds:/home/karol/Desktop/Droniada/martian_mines_ros2/install/ros_gz_example_description/share/ros_gz_example_description/models /usr/bin/cmake --build /home/karol/Desktop/Droniada/martian_mines_ros2/build/ros_gz_example_bringup -- -j12 -l12
[0.586s] Invoking command in '/home/karol/Desktop/Droniada/martian_mines_ros2/build/ros_gz_example_bringup': AMENT_PREFIX_PATH=/home/karol/Desktop/Droniada/martian_mines_ros2/install/ros_gz_example_gazebo:/home/karol/Desktop/Droniada/martian_mines_ros2/install/ros_gz_example_description:${AMENT_PREFIX_PATH} CMAKE_PREFIX_PATH=/home/karol/Desktop/Droniada/martian_mines_ros2/install/ros_gz_example_gazebo:/home/karol/Desktop/Droniada/martian_mines_ros2/install/ros_gz_example_description:/opt/ros/humble GZ_SIM_PLUGIN_PATH=/home/karol/Desktop/Droniada/martian_mines_ros2/install/ros_gz_example_gazebo/lib/ros_gz_example_gazebo GZ_SIM_RESOURCE_PATH=/home/karol/Desktop/Droniada/martian_mines_ros2/install/ros_gz_example_gazebo/share/ros_gz_example_gazebo/worlds:/home/karol/Desktop/Droniada/martian_mines_ros2/install/ros_gz_example_description/share/ros_gz_example_description/models /usr/bin/cmake --install /home/karol/Desktop/Droniada/martian_mines_ros2/build/ros_gz_example_bringup
[0.592s] -- Install configuration: ""
[0.592s] -- Installing: /home/karol/Desktop/Droniada/martian_mines_ros2/install/ros_gz_example_bringup/share/ros_gz_example_bringup/launch
[0.592s] -- Installing: /home/karol/Desktop/Droniada/martian_mines_ros2/install/ros_gz_example_bringup/share/ros_gz_example_bringup/launch/diff_drive.launch.py
[0.592s] -- Installing: /home/karol/Desktop/Droniada/martian_mines_ros2/install/ros_gz_example_bringup/share/ros_gz_example_bringup/launch/rrbot_setup.launch.py
[0.592s] -- Installing: /home/karol/Desktop/Droniada/martian_mines_ros2/install/ros_gz_example_bringup/share/ros_gz_example_bringup/config
[0.592s] -- Installing: /home/karol/Desktop/Droniada/martian_mines_ros2/install/ros_gz_example_bringup/share/ros_gz_example_bringup/config/rrbot.rviz
[0.593s] -- Installing: /home/karol/Desktop/Droniada/martian_mines_ros2/install/ros_gz_example_bringup/share/ros_gz_example_bringup/config/ros_gz_example_bridge.yaml
[0.593s] -- Installing: /home/karol/Desktop/Droniada/martian_mines_ros2/install/ros_gz_example_bringup/share/ros_gz_example_bringup/config/diff_drive.rviz
[0.593s] -- Installing: /home/karol/Desktop/Droniada/martian_mines_ros2/install/ros_gz_example_bringup/share/ament_index/resource_index/package_run_dependencies/ros_gz_example_bringup
[0.593s] -- Installing: /home/karol/Desktop/Droniada/martian_mines_ros2/install/ros_gz_example_bringup/share/ament_index/resource_index/parent_prefix_path/ros_gz_example_bringup
[0.593s] -- Installing: /home/karol/Desktop/Droniada/martian_mines_ros2/install/ros_gz_example_bringup/share/ros_gz_example_bringup/environment/ament_prefix_path.sh
[0.593s] -- Installing: /home/karol/Desktop/Droniada/martian_mines_ros2/install/ros_gz_example_bringup/share/ros_gz_example_bringup/environment/ament_prefix_path.dsv
[0.594s] -- Installing: /home/karol/Desktop/Droniada/martian_mines_ros2/install/ros_gz_example_bringup/share/ros_gz_example_bringup/environment/path.sh
[0.594s] -- Installing: /home/karol/Desktop/Droniada/martian_mines_ros2/install/ros_gz_example_bringup/share/ros_gz_example_bringup/environment/path.dsv
[0.594s] -- Installing: /home/karol/Desktop/Droniada/martian_mines_ros2/install/ros_gz_example_bringup/share/ros_gz_example_bringup/local_setup.bash
[0.594s] -- Installing: /home/karol/Desktop/Droniada/martian_mines_ros2/install/ros_gz_example_bringup/share/ros_gz_example_bringup/local_setup.sh
[0.594s] -- Installing: /home/karol/Desktop/Droniada/martian_mines_ros2/install/ros_gz_example_bringup/share/ros_gz_example_bringup/local_setup.zsh
[0.594s] -- Installing: /home/karol/Desktop/Droniada/martian_mines_ros2/install/ros_gz_example_bringup/share/ros_gz_example_bringup/local_setup.dsv
[0.594s] -- Installing: /home/karol/Desktop/Droniada/martian_mines_ros2/install/ros_gz_example_bringup/share/ros_gz_example_bringup/package.dsv
[0.595s] -- Installing: /home/karol/Desktop/Droniada/martian_mines_ros2/install/ros_gz_example_bringup/share/ament_index/resource_index/packages/ros_gz_example_bringup
[0.595s] -- Installing: /home/karol/Desktop/Droniada/martian_mines_ros2/install/ros_gz_example_bringup/share/ros_gz_example_bringup/cmake/ros_gz_example_bringupConfig.cmake
[0.595s] -- Installing: /home/karol/Desktop/Droniada/martian_mines_ros2/install/ros_gz_example_bringup/share/ros_gz_example_bringup/cmake/ros_gz_example_bringupConfig-version.cmake
[0.595s] -- Installing: /home/karol/Desktop/Droniada/martian_mines_ros2/install/ros_gz_example_bringup/share/ros_gz_example_bringup/package.xml
[0.597s] Invoked command in '/home/karol/Desktop/Droniada/martian_mines_ros2/build/ros_gz_example_bringup' returned '0': AMENT_PREFIX_PATH=/home/karol/Desktop/Droniada/martian_mines_ros2/install/ros_gz_example_gazebo:/home/karol/Desktop/Droniada/martian_mines_ros2/install/ros_gz_example_description:${AMENT_PREFIX_PATH} CMAKE_PREFIX_PATH=/home/karol/Desktop/Droniada/martian_mines_ros2/install/ros_gz_example_gazebo:/home/karol/Desktop/Droniada/martian_mines_ros2/install/ros_gz_example_description:/opt/ros/humble GZ_SIM_PLUGIN_PATH=/home/karol/Desktop/Droniada/martian_mines_ros2/install/ros_gz_example_gazebo/lib/ros_gz_example_gazebo GZ_SIM_RESOURCE_PATH=/home/karol/Desktop/Droniada/martian_mines_ros2/install/ros_gz_example_gazebo/share/ros_gz_example_gazebo/worlds:/home/karol/Desktop/Droniada/martian_mines_ros2/install/ros_gz_example_description/share/ros_gz_example_description/models /usr/bin/cmake --install /home/karol/Desktop/Droniada/martian_mines_ros2/build/ros_gz_example_bringup
