[0.012s] Invoking command in '/home/karol/Desktop/Droniada/martian_mines_ros2/build/ros_gz_example_gazebo': AMENT_PREFIX_PATH=/home/karol/Desktop/Droniada/martian_mines_ros2/install/ros_gz_example_description:${AMENT_PREFIX_PATH} CMAKE_PREFIX_PATH=/home/karol/Desktop/Droniada/martian_mines_ros2/install/ros_gz_example_description:/opt/ros/humble GZ_SIM_RESOURCE_PATH=/home/karol/Desktop/Droniada/martian_mines_ros2/install/ros_gz_example_description/share/ros_gz_example_description/models /usr/bin/cmake /home/karol/Desktop/Droniada/martian_mines_ros2/ros_gz_project_template-main/ros_gz_example_gazebo -DBUILD_TESTING=ON -DCMAKE_INSTALL_PREFIX=/home/karol/Desktop/Droniada/martian_mines_ros2/install/ros_gz_example_gazebo
[0.027s] -- Found ament_cmake: 1.3.11 (/opt/ros/humble/share/ament_cmake/cmake)
[0.123s] -- Found ros_gz_example_description: 0.0.0 (/home/karol/Desktop/Droniada/martian_mines_ros2/install/ros_gz_example_description/share/ros_gz_example_description/cmake)
[0.132s] -- Looking for gz-plugin2 -- found version 2.0.3
[0.133s] -- Searching for dependencies of gz-plugin2
[0.133s] -- Looking for gz-utils2 -- found version 2.2.0
[0.134s] -- Searching for dependencies of gz-utils2
[0.135s] -- Searching for <gz-utils2> component [cli]
[0.135s] -- Looking for gz-utils2-cli -- found version 2.2.0
[0.136s] -- Searching for dependencies of gz-utils2-cli
[0.137s] -- Searching for <gz-plugin2> component [register]
[0.137s] -- Looking for gz-plugin2-register -- found version 2.0.3
[0.138s] -- Searching for dependencies of gz-plugin2-register
[0.144s] -- Looking for gz-common5 -- found version 5.7.0
[0.145s] -- Searching for dependencies of gz-common5
[0.145s] -- Looking for gz-utils2 -- found version 2.2.0
[0.146s] -- Looking for dlfcn.h - found
[0.156s] -- Looking for libdl - found
[0.158s] -- Found DL: TRUE  
[0.164s] -- Checking for module 'uuid'
[0.180s] --   Found uuid, version 2.37.2
[0.221s] -- Found UUID: TRUE  
[0.222s] -- Searching for <gz-common5> component [profiler]
[0.228s] -- Looking for gz-common5-profiler -- found version 5.7.0
[0.229s] -- Searching for dependencies of gz-common5-profiler
[0.253s] [31mCMake Error at CMakeLists.txt:26 (find_package):
[0.253s]   By not providing "Findgz-sim7.cmake" in CMAKE_MODULE_PATH this project has
[0.253s]   asked CMake to find a package configuration file provided by "gz-sim7", but
[0.253s]   CMake did not find one.
[0.253s] 
[0.254s]   Could not find a package configuration file provided by "gz-sim7" with any
[0.254s]   of the following names:
[0.254s] 
[0.254s]     gz-sim7Config.cmake
[0.254s]     gz-sim7-config.cmake
[0.254s] 
[0.254s]   Add the installation prefix of "gz-sim7" to CMAKE_PREFIX_PATH or set
[0.254s]   "gz-sim7_DIR" to a directory containing one of the above files.  If
[0.254s]   "gz-sim7" provides a separate development package or SDK, be sure it has
[0.254s]   been installed.
[0.254s] 
[0.254s] [0m
[0.254s] -- Configuring incomplete, errors occurred!
[0.255s] See also "/home/karol/Desktop/Droniada/martian_mines_ros2/build/ros_gz_example_gazebo/CMakeFiles/CMakeOutput.log".
[0.258s] Invoked command in '/home/karol/Desktop/Droniada/martian_mines_ros2/build/ros_gz_example_gazebo' returned '1': AMENT_PREFIX_PATH=/home/karol/Desktop/Droniada/martian_mines_ros2/install/ros_gz_example_description:${AMENT_PREFIX_PATH} CMAKE_PREFIX_PATH=/home/karol/Desktop/Droniada/martian_mines_ros2/install/ros_gz_example_description:/opt/ros/humble GZ_SIM_RESOURCE_PATH=/home/karol/Desktop/Droniada/martian_mines_ros2/install/ros_gz_example_description/share/ros_gz_example_description/models /usr/bin/cmake /home/karol/Desktop/Droniada/martian_mines_ros2/ros_gz_project_template-main/ros_gz_example_gazebo -DBUILD_TESTING=ON -DCMAKE_INSTALL_PREFIX=/home/karol/Desktop/Droniada/martian_mines_ros2/install/ros_gz_example_gazebo
