[0.012s] Invoking command in '/home/karol/Desktop/Droniada/martian_mines_ros2/build/ros_gz_example_gazebo': AMENT_PREFIX_PATH=/home/karol/Desktop/Droniada/martian_mines_ros2/install/ros_gz_example_description:${AMENT_PREFIX_PATH} CMAKE_PREFIX_PATH=/home/karol/Desktop/Droniada/martian_mines_ros2/install/ros_gz_example_description:/opt/ros/humble GZ_SIM_RESOURCE_PATH=/home/karol/Desktop/Droniada/martian_mines_ros2/install/ros_gz_example_description/share/ros_gz_example_description/models /usr/bin/cmake /home/karol/Desktop/Droniada/martian_mines_ros2/ros_gz_project_template-main/ros_gz_example_gazebo -DBUILD_TESTING=ON -DCMAKE_INSTALL_PREFIX=/home/karol/Desktop/Droniada/martian_mines_ros2/install/ros_gz_example_gazebo
[0.021s] -- Found ament_cmake: 1.3.11 (/opt/ros/humble/share/ament_cmake/cmake)
[0.114s] -- Found ros_gz_example_description: 0.0.0 (/home/karol/Desktop/Droniada/martian_mines_ros2/install/ros_gz_example_description/share/ros_gz_example_description/cmake)
[0.123s] -- Looking for gz-plugin2 -- found version 2.0.3
[0.123s] -- Searching for dependencies of gz-plugin2
[0.124s] -- Looking for gz-utils2 -- found version 2.2.0
[0.124s] -- Searching for dependencies of gz-utils2
[0.125s] -- Searching for <gz-utils2> component [cli]
[0.126s] -- Looking for gz-utils2-cli -- found version 2.2.0
[0.126s] -- Searching for dependencies of gz-utils2-cli
[0.127s] -- Searching for <gz-plugin2> component [register]
[0.128s] -- Looking for gz-plugin2-register -- found version 2.0.3
[0.129s] -- Searching for dependencies of gz-plugin2-register
[0.130s] -- Looking for gz-common5 -- found version 5.7.0
[0.130s] -- Searching for dependencies of gz-common5
[0.131s] -- Looking for gz-utils2 -- found version 2.2.0
[0.131s] -- Looking for dlfcn.h - found
[0.131s] -- Looking for libdl - found
[0.140s] -- Checking for module 'uuid'
[0.157s] --   Found uuid, version 2.37.2
[0.199s] -- Searching for <gz-common5> component [profiler]
[0.200s] -- Looking for gz-common5-profiler -- found version 5.7.0
[0.200s] -- Searching for dependencies of gz-common5-profiler
[0.208s] -- Looking for gz-sim7 -- found version 7.9.0
[0.208s] -- Searching for dependencies of gz-sim7
[0.214s] -- Looking for sdformat13 -- found version 13.9.0
[0.215s] -- Searching for dependencies of sdformat13
[0.221s] -- Checking for module 'tinyxml2'
[0.239s] --   Found tinyxml2, version 9.0.0
[0.283s] -- Looking for gz-math7 -- found version 7.5.1
[0.284s] -- Searching for dependencies of gz-math7
[0.284s] -- Looking for gz-utils2 -- found version 2.2.0
[0.285s] -- Looking for gz-utils2 -- found version 2.2.0
[0.285s] -- Looking for gz-plugin2 -- found version 2.0.3
[0.286s] -- Searching for dependencies of gz-plugin2
[0.286s] -- Looking for gz-utils2 -- found version 2.2.0
[0.286s] -- Searching for <gz-plugin2> component [loader]
[0.289s] -- Looking for gz-plugin2-loader -- found version 2.0.3
[0.289s] -- Searching for dependencies of gz-plugin2-loader
[0.290s] -- Searching for <gz-plugin2> component [register]
[0.293s] -- Looking for gz-transport12 -- found version 12.2.2
[0.293s] -- Searching for dependencies of gz-transport12
[0.462s] -- Found Protobuf: /usr/lib/x86_64-linux-gnu/libprotobuf.so (found version "3.12.4") 
[0.490s] -- Config-file not installed for ZeroMQ -- checking for pkg-config
[0.498s] -- Checking for module 'libzmq >= 4'
[0.516s] --   Found libzmq , version 4.3.4
[0.562s] -- Found ZeroMQ: TRUE (Required is at least version "4") 
[0.572s] -- Looking for gz-utils2 -- found version 2.2.0
[0.578s] -- Looking for gz-msgs9 -- found version 9.5.1
[0.579s] -- Searching for dependencies of gz-msgs9
[0.610s] -- Looking for gz-math7 -- found version 7.5.1
[0.616s] -- Searching for <gz-transport12> component [log]
[0.619s] -- Looking for gz-transport12-log -- found version 12.2.2
[0.619s] -- Searching for dependencies of gz-transport12-log
[0.619s] -- Searching for <gz-transport12> component [parameters]
[0.622s] -- Looking for gz-transport12-parameters -- found version 12.2.2
[0.623s] -- Searching for dependencies of gz-transport12-parameters
[0.623s] -- Looking for gz-msgs9 -- found version 9.5.1
[0.623s] -- Looking for gz-common5 -- found version 5.7.0
[0.624s] -- Searching for dependencies of gz-common5
[0.624s] -- Looking for gz-utils2 -- found version 2.2.0
[0.624s] -- Looking for dlfcn.h - found
[0.624s] -- Looking for libdl - found
[0.631s] -- Searching for <gz-common5> component [profiler]
[0.631s] -- Searching for <gz-common5> component [events]
[0.634s] -- Looking for gz-common5-events -- found version 5.7.0
[0.635s] -- Searching for dependencies of gz-common5-events
[0.635s] -- Looking for gz-math7 -- found version 7.5.1
[0.635s] -- Searching for <gz-common5> component [av]
[0.638s] -- Looking for gz-common5-av -- found version 5.7.0
[0.639s] -- Searching for dependencies of gz-common5-av
[0.644s] -- Checking for module 'libswscale'
[0.656s] --   Found libswscale, version 5.9.100
[0.688s] -- Found SWSCALE: TRUE  
[0.693s] -- Checking for module 'libavdevice >= 56.4.100'
[0.706s] --   Found libavdevice , version 58.13.100
[0.741s] -- Found AVDEVICE: TRUE (Required is at least version "56.4.100") 
[0.745s] -- Checking for module 'libavformat'
[0.757s] --   Found libavformat, version 58.76.100
[0.792s] -- Found AVFORMAT: TRUE  
[0.796s] -- Checking for module 'libavcodec'
[0.809s] --   Found libavcodec, version 58.134.100
[0.849s] -- Found AVCODEC: TRUE  
[0.854s] -- Checking for module 'libavutil'
[0.868s] --   Found libavutil, version 56.70.100
[0.908s] -- Found AVUTIL: TRUE  
[0.909s] -- Searching for <gz-common5> component [io]
[0.914s] -- Looking for gz-common5-io -- found version 5.7.0
[0.915s] -- Searching for dependencies of gz-common5-io
[0.921s] -- Looking for gz-fuel_tools8 -- found version 8.2.0
[0.922s] -- Searching for dependencies of gz-fuel_tools8
[1.017s] -- Found CURL: /usr/lib/x86_64-linux-gnu/libcurl.so (found version "7.81.0")  
[1.026s] -- Checking for module 'jsoncpp'
[1.043s] --   Found jsoncpp, version 1.9.5
[1.085s] -- Found JSONCPP: TRUE  
[1.092s] -- Checking for module 'libzip'
[1.109s] --   Found libzip, version 1.7.3
[1.151s] -- Found ZIP: TRUE  
[1.152s] -- Looking for gz-utils2 -- found version 2.2.0
[1.152s] -- Looking for gz-common5 -- found version 5.7.0
[1.153s] -- Searching for dependencies of gz-common5
[1.153s] -- Looking for gz-utils2 -- found version 2.2.0
[1.154s] -- Looking for dlfcn.h - found
[1.154s] -- Looking for libdl - found
[1.164s] -- Searching for <gz-common5> component [testing]
[1.167s] -- Looking for gz-common5-testing -- found version 5.7.0
[1.167s] -- Searching for dependencies of gz-common5-testing
[1.168s] -- Looking for gz-math7 -- found version 7.5.1
[1.169s] -- Looking for gz-msgs9 -- found version 9.5.1
[1.174s] -- Looking for gz-gui7 -- found version 7.2.2
[1.175s] -- Searching for dependencies of gz-gui7
[1.203s] -- Looking for gz-utils2 -- found version 2.2.0
[1.203s] -- Looking for gz-math7 -- found version 7.5.1
[1.203s] -- Looking for gz-common5 -- found version 5.7.0
[1.204s] -- Looking for gz-plugin2 -- found version 2.0.3
[1.204s] -- Looking for gz-transport12 -- found version 12.2.2
[1.207s] -- Looking for gz-rendering7 -- found version 7.5.0
[1.207s] -- Searching for dependencies of gz-rendering7
[1.208s] -- Looking for gz-math7 -- found version 7.5.1
[1.208s] -- Searching for dependencies of gz-math7
[1.208s] -- Looking for gz-utils2 -- found version 2.2.0
[1.208s] -- Searching for <gz-math7> component [eigen3]
[1.211s] -- Looking for gz-math7-eigen3 -- found version 7.5.1
[1.212s] -- Searching for dependencies of gz-math7-eigen3
[1.221s] -- Looking for gz-common5 -- found version 5.7.0
[1.221s] -- Searching for dependencies of gz-common5
[1.221s] -- Looking for gz-utils2 -- found version 2.2.0
[1.221s] -- Looking for dlfcn.h - found
[1.222s] -- Looking for libdl - found
[1.228s] -- Searching for <gz-common5> component [graphics]
[1.231s] -- Looking for gz-common5-graphics -- found version 5.7.0
[1.231s] -- Searching for dependencies of gz-common5-graphics
[1.232s] -- Looking for gz-math7 -- found version 7.5.1
[1.240s] -- Found GzAssimp: TRUE (found version "5.2.0") 
[1.240s] -- Searching for <gz-common5> component [events]
[1.240s] -- Searching for <gz-common5> component [geospatial]
[1.243s] -- Looking for gz-common5-geospatial -- found version 5.7.0
[1.243s] -- Searching for dependencies of gz-common5-geospatial
[1.244s] -- Looking for gz-math7 -- found version 7.5.1
[1.244s] -- Looking for gz-common5 -- found version 5.7.0
[1.245s] -- Looking for gz-plugin2 -- found version 2.0.3
[1.245s] -- Searching for dependencies of gz-plugin2
[1.245s] -- Looking for gz-utils2 -- found version 2.2.0
[1.245s] -- Searching for <gz-plugin2> component [all]
[1.248s] -- Looking for all libraries of gz-plugin2 -- found version 2.0.3
[1.249s] -- Looking for gz-plugin2 -- found version 2.0.3
[1.250s] -- Looking for gz-utils2 -- found version 2.2.0
[1.254s] -- Found OpenGL: /usr/lib/x86_64-linux-gnu/libOpenGL.so  found components: OpenGL 
[1.255s] -- Looking for gz-msgs9 -- found version 9.5.1
[1.280s] -- Looking for gz-physics6 -- found version 6.7.0
[1.280s] -- Searching for dependencies of gz-physics6
[1.280s] -- Looking for gz-common5 -- found version 5.7.0
[1.281s] -- Looking for gz-math7 -- found version 7.5.1
[1.281s] -- Looking for gz-plugin2 -- found version 2.0.3
[1.281s] -- Looking for gz-utils2 -- found version 2.2.0
[1.282s] -- Searching for <gz-physics6> component [heightmap]
[1.285s] -- Looking for gz-physics6-heightmap -- found version 6.7.0
[1.285s] -- Searching for dependencies of gz-physics6-heightmap
[1.286s] -- Looking for gz-common5 -- found version 5.7.0
[1.286s] -- Searching for <gz-physics6> component [mesh]
[1.289s] -- Looking for gz-physics6-mesh -- found version 6.7.0
[1.289s] -- Searching for dependencies of gz-physics6-mesh
[1.289s] -- Looking for gz-common5 -- found version 5.7.0
[1.290s] -- Searching for <gz-physics6> component [sdf]
[1.293s] -- Looking for gz-physics6-sdf -- found version 6.7.0
[1.293s] -- Searching for dependencies of gz-physics6-sdf
[1.293s] -- Looking for sdformat13 -- found version 13.9.0
[1.297s] -- Looking for gz-sensors7 -- found version 7.3.1
[1.297s] -- Searching for dependencies of gz-sensors7
[1.318s] -- Looking for gz-math7 -- found version 7.5.1
[1.319s] -- Looking for gz-common5 -- found version 5.7.0
[1.319s] -- Looking for gz-transport12 -- found version 12.2.2
[1.319s] -- Looking for gz-rendering7 -- found version 7.5.0
[1.320s] -- Looking for gz-msgs9 -- found version 9.5.1
[1.320s] -- Looking for sdformat13 -- found version 13.9.0
[1.321s] -- Searching for <gz-sensors7> component [air_pressure]
[1.324s] -- Looking for gz-sensors7-air_pressure -- found version 7.3.1
[1.324s] -- Searching for dependencies of gz-sensors7-air_pressure
[1.324s] -- Searching for <gz-sensors7> component [air_speed]
[1.327s] -- Looking for gz-sensors7-air_speed -- found version 7.3.1
[1.328s] -- Searching for dependencies of gz-sensors7-air_speed
[1.328s] -- Searching for <gz-sensors7> component [altimeter]
[1.331s] -- Looking for gz-sensors7-altimeter -- found version 7.3.1
[1.332s] -- Searching for dependencies of gz-sensors7-altimeter
[1.332s] -- Searching for <gz-sensors7> component [imu]
[1.335s] -- Looking for gz-sensors7-imu -- found version 7.3.1
[1.335s] -- Searching for dependencies of gz-sensors7-imu
[1.336s] -- Searching for <gz-sensors7> component [force_torque]
[1.339s] -- Looking for gz-sensors7-force_torque -- found version 7.3.1
[1.339s] -- Searching for dependencies of gz-sensors7-force_torque
[1.339s] -- Searching for <gz-sensors7> component [logical_camera]
[1.342s] -- Looking for gz-sensors7-logical_camera -- found version 7.3.1
[1.343s] -- Searching for dependencies of gz-sensors7-logical_camera
[1.343s] -- Searching for <gz-sensors7> component [magnetometer]
[1.346s] -- Looking for gz-sensors7-magnetometer -- found version 7.3.1
[1.347s] -- Searching for dependencies of gz-sensors7-magnetometer
[1.347s] -- Searching for <gz-sensors7> component [navsat]
[1.350s] -- Looking for gz-sensors7-navsat -- found version 7.3.1
[1.350s] -- Searching for dependencies of gz-sensors7-navsat
[1.351s] -- Searching for <gz-sensors7> component [rendering]
[1.354s] -- Looking for gz-sensors7-rendering -- found version 7.3.1
[1.354s] -- Searching for dependencies of gz-sensors7-rendering
[1.354s] -- Searching for <gz-sensors7> component [lidar]
[1.357s] -- Looking for gz-sensors7-lidar -- found version 7.3.1
[1.358s] -- Searching for dependencies of gz-sensors7-lidar
[1.358s] -- Looking for gz-sensors7 -- found version 7.3.1
[1.359s] -- Searching for <gz-sensors7> component [gpu_lidar]
[1.362s] -- Looking for gz-sensors7-gpu_lidar -- found version 7.3.1
[1.362s] -- Searching for dependencies of gz-sensors7-gpu_lidar
[1.362s] -- Looking for gz-sensors7 -- found version 7.3.1
[1.363s] -- Searching for <gz-sensors7> component [camera]
[1.366s] -- Looking for gz-sensors7-camera -- found version 7.3.1
[1.366s] -- Searching for dependencies of gz-sensors7-camera
[1.366s] -- Looking for gz-sensors7 -- found version 7.3.1
[1.367s] -- Searching for <gz-sensors7> component [boundingbox_camera]
[1.370s] -- Looking for gz-sensors7-boundingbox_camera -- found version 7.3.1
[1.370s] -- Searching for dependencies of gz-sensors7-boundingbox_camera
[1.370s] -- Searching for <gz-sensors7> component [segmentation_camera]
[1.373s] -- Looking for gz-sensors7-segmentation_camera -- found version 7.3.1
[1.374s] -- Searching for dependencies of gz-sensors7-segmentation_camera
[1.374s] -- Searching for <gz-sensors7> component [depth_camera]
[1.377s] -- Looking for gz-sensors7-depth_camera -- found version 7.3.1
[1.377s] -- Searching for dependencies of gz-sensors7-depth_camera
[1.378s] -- Looking for gz-sensors7 -- found version 7.3.1
[1.378s] -- Searching for <gz-sensors7> component [rgbd_camera]
[1.381s] -- Looking for gz-sensors7-rgbd_camera -- found version 7.3.1
[1.381s] -- Searching for dependencies of gz-sensors7-rgbd_camera
[1.382s] -- Looking for gz-sensors7 -- found version 7.3.1
[1.382s] -- Searching for <gz-sensors7> component [thermal_camera]
[1.385s] -- Looking for gz-sensors7-thermal_camera -- found version 7.3.1
[1.385s] -- Searching for dependencies of gz-sensors7-thermal_camera
[1.386s] -- Looking for gz-sensors7 -- found version 7.3.1
[1.386s] -- Searching for <gz-sensors7> component [wide_angle_camera]
[1.389s] -- Looking for gz-sensors7-wide_angle_camera -- found version 7.3.1
[1.389s] -- Searching for dependencies of gz-sensors7-wide_angle_camera
[1.390s] -- Looking for gz-rendering7 -- found version 7.5.0
[1.390s] -- Looking for gz-math7 -- found version 7.5.1
[1.391s] -- Looking for gz-utils2 -- found version 2.2.0
[1.411s] -- Compiling against Gazebo Garden
[1.412s] -- Found ament_lint_auto: 0.12.11 (/opt/ros/humble/share/ament_lint_auto/cmake)
[1.460s] -- Configuring done
[1.475s] -- Generating done
[1.478s] -- Build files have been written to: /home/karol/Desktop/Droniada/martian_mines_ros2/build/ros_gz_example_gazebo
[1.486s] Invoked command in '/home/karol/Desktop/Droniada/martian_mines_ros2/build/ros_gz_example_gazebo' returned '0': AMENT_PREFIX_PATH=/home/karol/Desktop/Droniada/martian_mines_ros2/install/ros_gz_example_description:${AMENT_PREFIX_PATH} CMAKE_PREFIX_PATH=/home/karol/Desktop/Droniada/martian_mines_ros2/install/ros_gz_example_description:/opt/ros/humble GZ_SIM_RESOURCE_PATH=/home/karol/Desktop/Droniada/martian_mines_ros2/install/ros_gz_example_description/share/ros_gz_example_description/models /usr/bin/cmake /home/karol/Desktop/Droniada/martian_mines_ros2/ros_gz_project_template-main/ros_gz_example_gazebo -DBUILD_TESTING=ON -DCMAKE_INSTALL_PREFIX=/home/karol/Desktop/Droniada/martian_mines_ros2/install/ros_gz_example_gazebo
[1.487s] Invoking command in '/home/karol/Desktop/Droniada/martian_mines_ros2/build/ros_gz_example_gazebo': AMENT_PREFIX_PATH=/home/karol/Desktop/Droniada/martian_mines_ros2/install/ros_gz_example_description:${AMENT_PREFIX_PATH} CMAKE_PREFIX_PATH=/home/karol/Desktop/Droniada/martian_mines_ros2/install/ros_gz_example_description:/opt/ros/humble GZ_SIM_RESOURCE_PATH=/home/karol/Desktop/Droniada/martian_mines_ros2/install/ros_gz_example_description/share/ros_gz_example_description/models /usr/bin/cmake --build /home/karol/Desktop/Droniada/martian_mines_ros2/build/ros_gz_example_gazebo -- -j12 -l12
[1.531s] [ 25%] [32mBuilding CXX object CMakeFiles/FullSystem.dir/src/FullSystem.cc.o[0m
[1.531s] [ 50%] [32mBuilding CXX object CMakeFiles/BasicSystem.dir/src/BasicSystem.cc.o[0m
[2.975s] [ 75%] [32m[1mLinking CXX shared library libBasicSystem.so[0m
[3.061s] [100%] [32m[1mLinking CXX shared library libFullSystem.so[0m
[3.128s] [100%] Built target BasicSystem
[3.202s] [100%] Built target FullSystem
[3.212s] Invoked command in '/home/karol/Desktop/Droniada/martian_mines_ros2/build/ros_gz_example_gazebo' returned '0': AMENT_PREFIX_PATH=/home/karol/Desktop/Droniada/martian_mines_ros2/install/ros_gz_example_description:${AMENT_PREFIX_PATH} CMAKE_PREFIX_PATH=/home/karol/Desktop/Droniada/martian_mines_ros2/install/ros_gz_example_description:/opt/ros/humble GZ_SIM_RESOURCE_PATH=/home/karol/Desktop/Droniada/martian_mines_ros2/install/ros_gz_example_description/share/ros_gz_example_description/models /usr/bin/cmake --build /home/karol/Desktop/Droniada/martian_mines_ros2/build/ros_gz_example_gazebo -- -j12 -l12
[3.213s] Invoking command in '/home/karol/Desktop/Droniada/martian_mines_ros2/build/ros_gz_example_gazebo': AMENT_PREFIX_PATH=/home/karol/Desktop/Droniada/martian_mines_ros2/install/ros_gz_example_description:${AMENT_PREFIX_PATH} CMAKE_PREFIX_PATH=/home/karol/Desktop/Droniada/martian_mines_ros2/install/ros_gz_example_description:/opt/ros/humble GZ_SIM_RESOURCE_PATH=/home/karol/Desktop/Droniada/martian_mines_ros2/install/ros_gz_example_description/share/ros_gz_example_description/models /usr/bin/cmake --install /home/karol/Desktop/Droniada/martian_mines_ros2/build/ros_gz_example_gazebo
[3.220s] -- Install configuration: ""
[3.220s] -- Installing: /home/karol/Desktop/Droniada/martian_mines_ros2/install/ros_gz_example_gazebo/lib/ros_gz_example_gazebo/libBasicSystem.so
[3.220s] -- Installing: /home/karol/Desktop/Droniada/martian_mines_ros2/install/ros_gz_example_gazebo/lib/ros_gz_example_gazebo/libFullSystem.so
[3.221s] -- Installing: /home/karol/Desktop/Droniada/martian_mines_ros2/install/ros_gz_example_gazebo/share/ros_gz_example_gazebo/worlds
[3.221s] -- Installing: /home/karol/Desktop/Droniada/martian_mines_ros2/install/ros_gz_example_gazebo/share/ros_gz_example_gazebo/worlds/diff_drive.sdf
[3.221s] -- Installing: /home/karol/Desktop/Droniada/martian_mines_ros2/install/ros_gz_example_gazebo/share/ros_gz_example_gazebo/environment/ros_gz_example_gazebo.dsv
[3.221s] -- Installing: /home/karol/Desktop/Droniada/martian_mines_ros2/install/ros_gz_example_gazebo/share/ros_gz_example_gazebo/environment/ros_gz_example_gazebo.sh
[3.222s] -- Installing: /home/karol/Desktop/Droniada/martian_mines_ros2/install/ros_gz_example_gazebo/share/ament_index/resource_index/package_run_dependencies/ros_gz_example_gazebo
[3.222s] -- Installing: /home/karol/Desktop/Droniada/martian_mines_ros2/install/ros_gz_example_gazebo/share/ament_index/resource_index/parent_prefix_path/ros_gz_example_gazebo
[3.222s] -- Installing: /home/karol/Desktop/Droniada/martian_mines_ros2/install/ros_gz_example_gazebo/share/ros_gz_example_gazebo/environment/ament_prefix_path.sh
[3.222s] -- Installing: /home/karol/Desktop/Droniada/martian_mines_ros2/install/ros_gz_example_gazebo/share/ros_gz_example_gazebo/environment/ament_prefix_path.dsv
[3.222s] -- Installing: /home/karol/Desktop/Droniada/martian_mines_ros2/install/ros_gz_example_gazebo/share/ros_gz_example_gazebo/environment/path.sh
[3.222s] -- Installing: /home/karol/Desktop/Droniada/martian_mines_ros2/install/ros_gz_example_gazebo/share/ros_gz_example_gazebo/environment/path.dsv
[3.223s] -- Installing: /home/karol/Desktop/Droniada/martian_mines_ros2/install/ros_gz_example_gazebo/share/ros_gz_example_gazebo/local_setup.bash
[3.223s] -- Installing: /home/karol/Desktop/Droniada/martian_mines_ros2/install/ros_gz_example_gazebo/share/ros_gz_example_gazebo/local_setup.sh
[3.223s] -- Installing: /home/karol/Desktop/Droniada/martian_mines_ros2/install/ros_gz_example_gazebo/share/ros_gz_example_gazebo/local_setup.zsh
[3.223s] -- Installing: /home/karol/Desktop/Droniada/martian_mines_ros2/install/ros_gz_example_gazebo/share/ros_gz_example_gazebo/local_setup.dsv
[3.223s] -- Installing: /home/karol/Desktop/Droniada/martian_mines_ros2/install/ros_gz_example_gazebo/share/ros_gz_example_gazebo/package.dsv
[3.223s] -- Installing: /home/karol/Desktop/Droniada/martian_mines_ros2/install/ros_gz_example_gazebo/share/ament_index/resource_index/packages/ros_gz_example_gazebo
[3.223s] -- Installing: /home/karol/Desktop/Droniada/martian_mines_ros2/install/ros_gz_example_gazebo/share/ros_gz_example_gazebo/cmake/ros_gz_example_gazeboConfig.cmake
[3.224s] -- Installing: /home/karol/Desktop/Droniada/martian_mines_ros2/install/ros_gz_example_gazebo/share/ros_gz_example_gazebo/cmake/ros_gz_example_gazeboConfig-version.cmake
[3.224s] -- Installing: /home/karol/Desktop/Droniada/martian_mines_ros2/install/ros_gz_example_gazebo/share/ros_gz_example_gazebo/package.xml
[3.226s] Invoked command in '/home/karol/Desktop/Droniada/martian_mines_ros2/build/ros_gz_example_gazebo' returned '0': AMENT_PREFIX_PATH=/home/karol/Desktop/Droniada/martian_mines_ros2/install/ros_gz_example_description:${AMENT_PREFIX_PATH} CMAKE_PREFIX_PATH=/home/karol/Desktop/Droniada/martian_mines_ros2/install/ros_gz_example_description:/opt/ros/humble GZ_SIM_RESOURCE_PATH=/home/karol/Desktop/Droniada/martian_mines_ros2/install/ros_gz_example_description/share/ros_gz_example_description/models /usr/bin/cmake --install /home/karol/Desktop/Droniada/martian_mines_ros2/build/ros_gz_example_gazebo
